<?xml version="1.0" encoding="UTF-8" standalone="yes"?><!DOCTYPE report PUBLIC "-//JACOCO//DTD Report 1.0//EN" "report.dtd"><report name="JaCoCoverage analysis (powered by JaCoCo from EclEmma)"><sessioninfo id="Asrock-Desktop-Win-d79481ce" start="1566785503622" dump="1566785504182"/><package name="Logica/DataType"><class name="Logica/DataType/DtVideo"><method name="&lt;init&gt;" desc="()V" line="19"><counter type="INSTRUCTION" missed="3" covered="0"/><counter type="LINE" missed="2" covered="0"/><counter type="COMPLEXITY" missed="1" covered="0"/><counter type="METHOD" missed="1" covered="0"/></method><method name="&lt;init&gt;" desc="(ILjava/lang/String;Ljava/lang/String;Ljava/sql/Time;Ljava/sql/Date;Ljava/lang/String;LLogica/Enumerados/Privacidad;Ljava/lang/String;II)V" line="22"><counter type="INSTRUCTION" missed="0" covered="33"/><counter type="LINE" missed="0" covered="12"/><counter type="COMPLEXITY" missed="0" covered="1"/><counter type="METHOD" missed="0" covered="1"/></method><method name="getId" desc="()I" line="36"><counter type="INSTRUCTION" missed="3" covered="0"/><counter type="LINE" missed="1" covered="0"/><counter type="COMPLEXITY" missed="1" covered="0"/><counter type="METHOD" missed="1" covered="0"/></method><method name="getNombre" desc="()Ljava/lang/String;" line="40"><counter type="INSTRUCTION" missed="3" covered="0"/><counter type="LINE" missed="1" covered="0"/><counter type="COMPLEXITY" missed="1" covered="0"/><counter type="METHOD" missed="1" covered="0"/></method><method name="getDescripcion" desc="()Ljava/lang/String;" line="44"><counter type="INSTRUCTION" missed="3" covered="0"/><counter type="LINE" missed="1" covered="0"/><counter type="COMPLEXITY" missed="1" covered="0"/><counter type="METHOD" missed="1" covered="0"/></method><method name="getDuracion" desc="()Ljava/sql/Time;" line="48"><counter type="INSTRUCTION" missed="3" covered="0"/><counter type="LINE" missed="1" covered="0"/><counter type="COMPLEXITY" missed="1" covered="0"/><counter type="METHOD" missed="1" covered="0"/></method><method name="getFechaPublicacion" desc="()Ljava/sql/Date;" line="52"><counter type="INSTRUCTION" missed="3" covered="0"/><counter type="LINE" missed="1" covered="0"/><counter type="COMPLEXITY" missed="1" covered="0"/><counter type="METHOD" missed="1" covered="0"/></method><method name="getUrlVideoOriginal" desc="()Ljava/lang/String;" line="56"><counter type="INSTRUCTION" missed="3" covered="0"/><counter type="LINE" missed="1" covered="0"/><counter type="COMPLEXITY" missed="1" covered="0"/><counter type="METHOD" missed="1" covered="0"/></method><method name="getPrivacidad" desc="()LLogica/Enumerados/Privacidad;" line="60"><counter type="INSTRUCTION" missed="3" covered="0"/><counter type="LINE" missed="1" covered="0"/><counter type="COMPLEXITY" missed="1" covered="0"/><counter type="METHOD" missed="1" covered="0"/></method><method name="getCategoria" desc="()Ljava/lang/String;" line="64"><counter type="INSTRUCTION" missed="3" covered="0"/><counter type="LINE" missed="1" covered="0"/><counter type="COMPLEXITY" missed="1" covered="0"/><counter type="METHOD" missed="1" covered="0"/></method><method name="getCantLikes" desc="()I" line="68"><counter type="INSTRUCTION" missed="3" covered="0"/><counter type="LINE" missed="1" covered="0"/><counter type="COMPLEXITY" missed="1" covered="0"/><counter type="METHOD" missed="1" covered="0"/></method><method name="getCantDisLikes" desc="()I" line="72"><counter type="INSTRUCTION" missed="3" covered="0"/><counter type="LINE" missed="1" covered="0"/><counter type="COMPLEXITY" missed="1" covered="0"/><counter type="METHOD" missed="1" covered="0"/></method><method name="toString" desc="()Ljava/lang/String;" line="77"><counter type="INSTRUCTION" missed="57" covered="0"/><counter type="LINE" missed="1" covered="0"/><counter type="COMPLEXITY" missed="1" covered="0"/><counter type="METHOD" missed="1" covered="0"/></method><counter type="INSTRUCTION" missed="90" covered="33"/><counter type="LINE" missed="13" covered="12"/><counter type="COMPLEXITY" missed="12" covered="1"/><counter type="METHOD" missed="12" covered="1"/><counter type="CLASS" missed="0" covered="1"/></class><class name="Logica/DataType/DtCategoria"><method name="&lt;init&gt;" desc="()V" line="6"><counter type="INSTRUCTION" missed="3" covered="0"/><counter type="LINE" missed="1" covered="0"/><counter type="COMPLEXITY" missed="1" covered="0"/><counter type="METHOD" missed="1" covered="0"/></method><method name="&lt;init&gt;" desc="(Ljava/lang/String;)V" line="8"><counter type="INSTRUCTION" missed="6" covered="0"/><counter type="LINE" missed="3" covered="0"/><counter type="COMPLEXITY" missed="1" covered="0"/><counter type="METHOD" missed="1" covered="0"/></method><method name="getNombre" desc="()Ljava/lang/String;" line="13"><counter type="INSTRUCTION" missed="3" covered="0"/><counter type="LINE" missed="1" covered="0"/><counter type="COMPLEXITY" missed="1" covered="0"/><counter type="METHOD" missed="1" covered="0"/></method><method name="toString" desc="()Ljava/lang/String;" line="18"><counter type="INSTRUCTION" missed="12" covered="0"/><counter type="LINE" missed="1" covered="0"/><counter type="COMPLEXITY" missed="1" covered="0"/><counter type="METHOD" missed="1" covered="0"/></method><counter type="INSTRUCTION" missed="24" covered="0"/><counter type="LINE" missed="6" covered="0"/><counter type="COMPLEXITY" missed="4" covered="0"/><counter type="METHOD" missed="4" covered="0"/><counter type="CLASS" missed="1" covered="0"/></class><class name="Logica/DataType/DtUsuario"><method name="&lt;init&gt;" desc="()V" line="12"><counter type="INSTRUCTION" missed="3" covered="0"/><counter type="LINE" missed="1" covered="0"/><counter type="COMPLEXITY" missed="1" covered="0"/><counter type="METHOD" missed="1" covered="0"/></method><method name="&lt;init&gt;" desc="(Ljava/lang/String;Ljava/lang/String;Ljava/lang/String;Ljava/lang/String;Ljava/lang/String;Ljava/sql/Date;Ljava/lang/String;I)V" line="18"><counter type="INSTRUCTION" missed="21" covered="0"/><counter type="LINE" missed="7" covered="0"/><counter type="COMPLEXITY" missed="1" covered="0"/><counter type="METHOD" missed="1" covered="0"/></method><method name="getNickname" desc="()Ljava/lang/String;" line="28"><counter type="INSTRUCTION" missed="3" covered="0"/><counter type="LINE" missed="1" covered="0"/><counter type="COMPLEXITY" missed="1" covered="0"/><counter type="METHOD" missed="1" covered="0"/></method><method name="getCorreo" desc="()Ljava/lang/String;" line="32"><counter type="INSTRUCTION" missed="3" covered="0"/><counter type="LINE" missed="1" covered="0"/><counter type="COMPLEXITY" missed="1" covered="0"/><counter type="METHOD" missed="1" covered="0"/></method><method name="getFechaNacimiento" desc="()Ljava/sql/Date;" line="36"><counter type="INSTRUCTION" missed="3" covered="0"/><counter type="LINE" missed="1" covered="0"/><counter type="COMPLEXITY" missed="1" covered="0"/><counter type="METHOD" missed="1" covered="0"/></method><method name="getImagen" desc="()Ljava/lang/String;" line="40"><counter type="INSTRUCTION" missed="3" covered="0"/><counter type="LINE" missed="1" covered="0"/><counter type="COMPLEXITY" missed="1" covered="0"/><counter type="METHOD" missed="1" covered="0"/></method><method name="getCantSeguidores" desc="()I" line="44"><counter type="INSTRUCTION" missed="3" covered="0"/><counter type="LINE" missed="1" covered="0"/><counter type="COMPLEXITY" missed="1" covered="0"/><counter type="METHOD" missed="1" covered="0"/></method><method name="toString" desc="()Ljava/lang/String;" line="49"><counter type="INSTRUCTION" missed="37" covered="0"/><counter type="LINE" missed="1" covered="0"/><counter type="COMPLEXITY" missed="1" covered="0"/><counter type="METHOD" missed="1" covered="0"/></method><counter type="INSTRUCTION" missed="76" covered="0"/><counter type="LINE" missed="14" covered="0"/><counter type="COMPLEXITY" missed="8" covered="0"/><counter type="METHOD" missed="8" covered="0"/><counter type="CLASS" missed="1" covered="0"/></class><class name="Logica/DataType/DtValoracion"><method name="&lt;init&gt;" desc="()V" line="9"><counter type="INSTRUCTION" missed="3" covered="0"/><counter type="LINE" missed="1" covered="0"/><counter type="COMPLEXITY" missed="1" covered="0"/><counter type="METHOD" missed="1" covered="0"/></method><method name="&lt;init&gt;" desc="(LLogica/Enumerados/TipoValoracion;Ljava/lang/String;)V" line="11"><counter type="INSTRUCTION" missed="9" covered="0"/><counter type="LINE" missed="4" covered="0"/><counter type="COMPLEXITY" missed="1" covered="0"/><counter type="METHOD" missed="1" covered="0"/></method><method name="getNickname" desc="()Ljava/lang/String;" line="16"><counter type="INSTRUCTION" missed="3" covered="0"/><counter type="LINE" missed="1" covered="0"/><counter type="COMPLEXITY" missed="1" covered="0"/><counter type="METHOD" missed="1" covered="0"/></method><method name="getVal" desc="()LLogica/Enumerados/TipoValoracion;" line="19"><counter type="INSTRUCTION" missed="3" covered="0"/><counter type="LINE" missed="1" covered="0"/><counter type="COMPLEXITY" missed="1" covered="0"/><counter type="METHOD" missed="1" covered="0"/></method><method name="toString" desc="()Ljava/lang/String;" line="24"><counter type="INSTRUCTION" missed="17" covered="0"/><counter type="LINE" missed="1" covered="0"/><counter type="COMPLEXITY" missed="1" covered="0"/><counter type="METHOD" missed="1" covered="0"/></method><counter type="INSTRUCTION" missed="35" covered="0"/><counter type="LINE" missed="8" covered="0"/><counter type="COMPLEXITY" missed="5" covered="0"/><counter type="METHOD" missed="5" covered="0"/><counter type="CLASS" missed="1" covered="0"/></class><class name="Logica/DataType/DtPersona"><method name="&lt;init&gt;" desc="()V" line="8"><counter type="INSTRUCTION" missed="3" covered="0"/><counter type="LINE" missed="1" covered="0"/><counter type="COMPLEXITY" missed="1" covered="0"/><counter type="METHOD" missed="1" covered="0"/></method><method name="&lt;init&gt;" desc="(Ljava/lang/String;Ljava/lang/String;Ljava/lang/String;)V" line="10"><counter type="INSTRUCTION" missed="12" covered="0"/><counter type="LINE" missed="5" covered="0"/><counter type="COMPLEXITY" missed="1" covered="0"/><counter type="METHOD" missed="1" covered="0"/></method><method name="getNombre" desc="()Ljava/lang/String;" line="19"><counter type="INSTRUCTION" missed="3" covered="0"/><counter type="LINE" missed="1" covered="0"/><counter type="COMPLEXITY" missed="1" covered="0"/><counter type="METHOD" missed="1" covered="0"/></method><method name="getApellido" desc="()Ljava/lang/String;" line="23"><counter type="INSTRUCTION" missed="3" covered="0"/><counter type="LINE" missed="1" covered="0"/><counter type="COMPLEXITY" missed="1" covered="0"/><counter type="METHOD" missed="1" covered="0"/></method><method name="getContrasenia" desc="()Ljava/lang/String;" line="27"><counter type="INSTRUCTION" missed="3" covered="0"/><counter type="LINE" missed="1" covered="0"/><counter type="COMPLEXITY" missed="1" covered="0"/><counter type="METHOD" missed="1" covered="0"/></method><method name="toString" desc="()Ljava/lang/String;" line="32"><counter type="INSTRUCTION" missed="22" covered="0"/><counter type="LINE" missed="1" covered="0"/><counter type="COMPLEXITY" missed="1" covered="0"/><counter type="METHOD" missed="1" covered="0"/></method><counter type="INSTRUCTION" missed="46" covered="0"/><counter type="LINE" missed="10" covered="0"/><counter type="COMPLEXITY" missed="6" covered="0"/><counter type="METHOD" missed="6" covered="0"/><counter type="CLASS" missed="1" covered="0"/></class><class name="Logica/DataType/DtComentario"><method name="&lt;init&gt;" desc="()V" line="12"><counter type="INSTRUCTION" missed="3" covered="0"/><counter type="LINE" missed="1" covered="0"/><counter type="COMPLEXITY" missed="1" covered="0"/><counter type="METHOD" missed="1" covered="0"/></method><method name="&lt;init&gt;" desc="(ILjava/lang/String;Ljava/sql/Date;Ljava/lang/String;I)V" line="14"><counter type="INSTRUCTION" missed="18" covered="0"/><counter type="LINE" missed="7" covered="0"/><counter type="COMPLEXITY" missed="1" covered="0"/><counter type="METHOD" missed="1" covered="0"/></method><method name="getId" desc="()I" line="23"><counter type="INSTRUCTION" missed="3" covered="0"/><counter type="LINE" missed="1" covered="0"/><counter type="COMPLEXITY" missed="1" covered="0"/><counter type="METHOD" missed="1" covered="0"/></method><method name="getNickname" desc="()Ljava/lang/String;" line="27"><counter type="INSTRUCTION" missed="3" covered="0"/><counter type="LINE" missed="1" covered="0"/><counter type="COMPLEXITY" missed="1" covered="0"/><counter type="METHOD" missed="1" covered="0"/></method><method name="getFecha" desc="()Ljava/sql/Date;" line="31"><counter type="INSTRUCTION" missed="3" covered="0"/><counter type="LINE" missed="1" covered="0"/><counter type="COMPLEXITY" missed="1" covered="0"/><counter type="METHOD" missed="1" covered="0"/></method><method name="getTexto" desc="()Ljava/lang/String;" line="35"><counter type="INSTRUCTION" missed="3" covered="0"/><counter type="LINE" missed="1" covered="0"/><counter type="COMPLEXITY" missed="1" covered="0"/><counter type="METHOD" missed="1" covered="0"/></method><method name="getNivelSubComentario" desc="()I" line="39"><counter type="INSTRUCTION" missed="3" covered="0"/><counter type="LINE" missed="1" covered="0"/><counter type="COMPLEXITY" missed="1" covered="0"/><counter type="METHOD" missed="1" covered="0"/></method><method name="toString" desc="()Ljava/lang/String;" line="44"><counter type="INSTRUCTION" missed="32" covered="0"/><counter type="LINE" missed="1" covered="0"/><counter type="COMPLEXITY" missed="1" covered="0"/><counter type="METHOD" missed="1" covered="0"/></method><counter type="INSTRUCTION" missed="68" covered="0"/><counter type="LINE" missed="14" covered="0"/><counter type="COMPLEXITY" missed="8" covered="0"/><counter type="METHOD" missed="8" covered="0"/><counter type="CLASS" missed="1" covered="0"/></class><class name="Logica/DataType/DtCanal"><method name="&lt;init&gt;" desc="()V" line="11"><counter type="INSTRUCTION" missed="3" covered="0"/><counter type="LINE" missed="1" covered="0"/><counter type="COMPLEXITY" missed="1" covered="0"/><counter type="METHOD" missed="1" covered="0"/></method><method name="&lt;init&gt;" desc="(ILjava/lang/String;Ljava/lang/String;LLogica/Enumerados/Privacidad;)V" line="13"><counter type="INSTRUCTION" missed="15" covered="0"/><counter type="LINE" missed="6" covered="0"/><counter type="COMPLEXITY" missed="1" covered="0"/><counter type="METHOD" missed="1" covered="0"/></method><method name="getId" desc="()I" line="21"><counter type="INSTRUCTION" missed="3" covered="0"/><counter type="LINE" missed="1" covered="0"/><counter type="COMPLEXITY" missed="1" covered="0"/><counter type="METHOD" missed="1" covered="0"/></method><method name="getNombre" desc="()Ljava/lang/String;" line="25"><counter type="INSTRUCTION" missed="3" covered="0"/><counter type="LINE" missed="1" covered="0"/><counter type="COMPLEXITY" missed="1" covered="0"/><counter type="METHOD" missed="1" covered="0"/></method><method name="getDescripcion" desc="()Ljava/lang/String;" line="29"><counter type="INSTRUCTION" missed="3" covered="0"/><counter type="LINE" missed="1" covered="0"/><counter type="COMPLEXITY" missed="1" covered="0"/><counter type="METHOD" missed="1" covered="0"/></method><method name="getPrivacidad" desc="()LLogica/Enumerados/Privacidad;" line="33"><counter type="INSTRUCTION" missed="3" covered="0"/><counter type="LINE" missed="1" covered="0"/><counter type="COMPLEXITY" missed="1" covered="0"/><counter type="METHOD" missed="1" covered="0"/></method><method name="toString" desc="()Ljava/lang/String;" line="38"><counter type="INSTRUCTION" missed="27" covered="0"/><counter type="LINE" missed="1" covered="0"/><counter type="COMPLEXITY" missed="1" covered="0"/><counter type="METHOD" missed="1" covered="0"/></method><counter type="INSTRUCTION" missed="57" covered="0"/><counter type="LINE" missed="12" covered="0"/><counter type="COMPLEXITY" missed="7" covered="0"/><counter type="METHOD" missed="7" covered="0"/><counter type="CLASS" missed="1" covered="0"/></class><class name="Logica/DataType/DtListaDeReproduccion"><method name="&lt;init&gt;" desc="()V" line="13"><counter type="INSTRUCTION" missed="3" covered="0"/><counter type="LINE" missed="1" covered="0"/><counter type="COMPLEXITY" missed="1" covered="0"/><counter type="METHOD" missed="1" covered="0"/></method><method name="&lt;init&gt;" desc="(ILjava/lang/String;LLogica/Enumerados/Privacidad;LLogica/Enumerados/TipoListaDeReproduccion;Ljava/lang/String;)V" line="15"><counter type="INSTRUCTION" missed="0" covered="18"/><counter type="LINE" missed="0" covered="7"/><counter type="COMPLEXITY" missed="0" covered="1"/><counter type="METHOD" missed="0" covered="1"/></method><method name="getId" desc="()I" line="24"><counter type="INSTRUCTION" missed="3" covered="0"/><counter type="LINE" missed="1" covered="0"/><counter type="COMPLEXITY" missed="1" covered="0"/><counter type="METHOD" missed="1" covered="0"/></method><method name="getNombre" desc="()Ljava/lang/String;" line="28"><counter type="INSTRUCTION" missed="0" covered="3"/><counter type="LINE" missed="0" covered="1"/><counter type="COMPLEXITY" missed="0" covered="1"/><counter type="METHOD" missed="0" covered="1"/></method><method name="getPrivacidad" desc="()LLogica/Enumerados/Privacidad;" line="32"><counter type="INSTRUCTION" missed="0" covered="3"/><counter type="LINE" missed="0" covered="1"/><counter type="COMPLEXITY" missed="0" covered="1"/><counter type="METHOD" missed="0" covered="1"/></method><method name="getTipo" desc="()LLogica/Enumerados/TipoListaDeReproduccion;" line="36"><counter type="INSTRUCTION" missed="3" covered="0"/><counter type="LINE" missed="1" covered="0"/><counter type="COMPLEXITY" missed="1" covered="0"/><counter type="METHOD" missed="1" covered="0"/></method><method name="getCategoria" desc="()Ljava/lang/String;" line="40"><counter type="INSTRUCTION" missed="0" covered="3"/><counter type="LINE" missed="0" covered="1"/><counter type="COMPLEXITY" missed="0" covered="1"/><counter type="METHOD" missed="0" covered="1"/></method><method name="toString" desc="()Ljava/lang/String;" line="45"><counter type="INSTRUCTION" missed="0" covered="32"/><counter type="LINE" missed="0" covered="1"/><counter type="COMPLEXITY" missed="0" covered="1"/><counter type="METHOD" missed="0" covered="1"/></method><counter type="INSTRUCTION" missed="9" covered="59"/><counter type="LINE" missed="3" covered="11"/><counter type="COMPLEXITY" missed="3" covered="5"/><counter type="METHOD" missed="3" covered="5"/><counter type="CLASS" missed="0" covered="1"/></class><sourcefile name="DtUsuario.java"><line nr="12" mi="3" ci="0" mb="0" cb="0"/><line nr="18" mi="5" ci="0" mb="0" cb="0"/><line nr="20" mi="3" ci="0" mb="0" cb="0"/><line nr="21" mi="3" ci="0" mb="0" cb="0"/><line nr="22" mi="3" ci="0" mb="0" cb="0"/><line nr="23" mi="3" ci="0" mb="0" cb="0"/><line nr="24" mi="3" ci="0" mb="0" cb="0"/><line nr="25" mi="1" ci="0" mb="0" cb="0"/><line nr="28" mi="3" ci="0" mb="0" cb="0"/><line nr="32" mi="3" ci="0" mb="0" cb="0"/><line nr="36" mi="3" ci="0" mb="0" cb="0"/><line nr="40" mi="3" ci="0" mb="0" cb="0"/><line nr="44" mi="3" ci="0" mb="0" cb="0"/><line nr="49" mi="37" ci="0" mb="0" cb="0"/><counter type="INSTRUCTION" missed="76" covered="0"/><counter type="LINE" missed="14" covered="0"/><counter type="COMPLEXITY" missed="8" covered="0"/><counter type="METHOD" missed="8" covered="0"/><counter type="CLASS" missed="1" covered="0"/></sourcefile><sourcefile name="DtCanal.java"><line nr="11" mi="3" ci="0" mb="0" cb="0"/><line nr="13" mi="2" ci="0" mb="0" cb="0"/><line nr="14" mi="3" ci="0" mb="0" cb="0"/><line nr="15" mi="3" ci="0" mb="0" cb="0"/><line nr="16" mi="3" ci="0" mb="0" cb="0"/><line nr="17" mi="3" ci="0" mb="0" cb="0"/><line nr="18" mi="1" ci="0" mb="0" cb="0"/><line nr="21" mi="3" ci="0" mb="0" cb="0"/><line nr="25" mi="3" ci="0" mb="0" cb="0"/><line nr="29" mi="3" ci="0" mb="0" cb="0"/><line nr="33" mi="3" ci="0" mb="0" cb="0"/><line nr="38" mi="27" ci="0" mb="0" cb="0"/><counter type="INSTRUCTION" missed="57" covered="0"/><counter type="LINE" missed="12" covered="0"/><counter type="COMPLEXITY" missed="7" covered="0"/><counter type="METHOD" missed="7" covered="0"/><counter type="CLASS" missed="1" covered="0"/></sourcefile><sourcefile name="DtValoracion.java"><line nr="9" mi="3" ci="0" mb="0" cb="0"/><line nr="11" mi="2" ci="0" mb="0" cb="0"/><line nr="12" mi="3" ci="0" mb="0" cb="0"/><line nr="13" mi="3" ci="0" mb="0" cb="0"/><line nr="14" mi="1" ci="0" mb="0" cb="0"/><line nr="16" mi="3" ci="0" mb="0" cb="0"/><line nr="19" mi="3" ci="0" mb="0" cb="0"/><line nr="24" mi="17" ci="0" mb="0" cb="0"/><counter type="INSTRUCTION" missed="35" covered="0"/><counter type="LINE" missed="8" covered="0"/><counter type="COMPLEXITY" missed="5" covered="0"/><counter type="METHOD" missed="5" covered="0"/><counter type="CLASS" missed="1" covered="0"/></sourcefile><sourcefile name="DtVideo.java"><line nr="19" mi="2" ci="0" mb="0" cb="0"/><line nr="20" mi="1" ci="0" mb="0" cb="0"/><line nr="22" mi="0" ci="2" mb="0" cb="0"/><line nr="23" mi="0" ci="3" mb="0" cb="0"/><line nr="24" mi="0" ci="3" mb="0" cb="0"/><line nr="25" mi="0" ci="3" mb="0" cb="0"/><line nr="26" mi="0" ci="3" mb="0" cb="0"/><line nr="27" mi="0" ci="3" mb="0" cb="0"/><line nr="28" mi="0" ci="3" mb="0" cb="0"/><line nr="29" mi="0" ci="3" mb="0" cb="0"/><line nr="30" mi="0" ci="3" mb="0" cb="0"/><line nr="31" mi="0" ci="3" mb="0" cb="0"/><line nr="32" mi="0" ci="3" mb="0" cb="0"/><line nr="33" mi="0" ci="1" mb="0" cb="0"/><line nr="36" mi="3" ci="0" mb="0" cb="0"/><line nr="40" mi="3" ci="0" mb="0" cb="0"/><line nr="44" mi="3" ci="0" mb="0" cb="0"/><line nr="48" mi="3" ci="0" mb="0" cb="0"/><line nr="52" mi="3" ci="0" mb="0" cb="0"/><line nr="56" mi="3" ci="0" mb="0" cb="0"/><line nr="60" mi="3" ci="0" mb="0" cb="0"/><line nr="64" mi="3" ci="0" mb="0" cb="0"/><line nr="68" mi="3" ci="0" mb="0" cb="0"/><line nr="72" mi="3" ci="0" mb="0" cb="0"/><line nr="77" mi="57" ci="0" mb="0" cb="0"/><counter type="INSTRUCTION" missed="90" covered="33"/><counter type="LINE" missed="13" covered="12"/><counter type="COMPLEXITY" missed="12" covered="1"/><counter type="METHOD" missed="12" covered="1"/><counter type="CLASS" missed="0" covered="1"/></sourcefile><sourcefile name="DtComentario.java"><line nr="12" mi="3" ci="0" mb="0" cb="0"/><line nr="14" mi="2" ci="0" mb="0" cb="0"/><line nr="15" mi="3" ci="0" mb="0" cb="0"/><line nr="16" mi="3" ci="0" mb="0" cb="0"/><line nr="17" mi="3" ci="0" mb="0" cb="0"/><line nr="18" mi="3" ci="0" mb="0" cb="0"/><line nr="19" mi="3" ci="0" mb="0" cb="0"/><line nr="20" mi="1" ci="0" mb="0" cb="0"/><line nr="23" mi="3" ci="0" mb="0" cb="0"/><line nr="27" mi="3" ci="0" mb="0" cb="0"/><line nr="31" mi="3" ci="0" mb="0" cb="0"/><line nr="35" mi="3" ci="0" mb="0" cb="0"/><line nr="39" mi="3" ci="0" mb="0" cb="0"/><line nr="44" mi="32" ci="0" mb="0" cb="0"/><counter type="INSTRUCTION" missed="68" covered="0"/><counter type="LINE" missed="14" covered="0"/><counter type="COMPLEXITY" missed="8" covered="0"/><counter type="METHOD" missed="8" covered="0"/><counter type="CLASS" missed="1" covered="0"/></sourcefile><sourcefile name="DtCategoria.java"><line nr="6" mi="3" ci="0" mb="0" cb="0"/><line nr="8" mi="2" ci="0" mb="0" cb="0"/><line nr="9" mi="3" ci="0" mb="0" cb="0"/><line nr="10" mi="1" ci="0" mb="0" cb="0"/><line nr="13" mi="3" ci="0" mb="0" cb="0"/><line nr="18" mi="12" ci="0" mb="0" cb="0"/><counter type="INSTRUCTION" missed="24" covered="0"/><counter type="LINE" missed="6" covered="0"/><counter type="COMPLEXITY" missed="4" covered="0"/><counter type="METHOD" missed="4" covered="0"/><counter type="CLASS" missed="1" covered="0"/></sourcefile><sourcefile name="DtPersona.java"><line nr="8" mi="3" ci="0" mb="0" cb="0"/><line nr="10" mi="2" ci="0" mb="0" cb="0"/><line nr="13" mi="3" ci="0" mb="0" cb="0"/><line nr="14" mi="3" ci="0" mb="0" cb="0"/><line nr="15" mi="3" ci="0" mb="0" cb="0"/><line nr="16" mi="1" ci="0" mb="0" cb="0"/><line nr="19" mi="3" ci="0" mb="0" cb="0"/><line nr="23" mi="3" ci="0" mb="0" cb="0"/><line nr="27" mi="3" ci="0" mb="0" cb="0"/><line nr="32" mi="22" ci="0" mb="0" cb="0"/><counter type="INSTRUCTION" missed="46" covered="0"/><counter type="LINE" missed="10" covered="0"/><counter type="COMPLEXITY" missed="6" covered="0"/><counter type="METHOD" missed="6" covered="0"/><counter type="CLASS" missed="1" covered="0"/></sourcefile><sourcefile name="DtListaDeReproduccion.java"><line nr="13" mi="3" ci="0" mb="0" cb="0"/><line nr="15" mi="0" ci="2" mb="0" cb="0"/><line nr="16" mi="0" ci="3" mb="0" cb="0"/><line nr="17" mi="0" ci="3" mb="0" cb="0"/><line nr="18" mi="0" ci="3" mb="0" cb="0"/><line nr="19" mi="0" ci="3" mb="0" cb="0"/><line nr="20" mi="0" ci="3" mb="0" cb="0"/><line nr="21" mi="0" ci="1" mb="0" cb="0"/><line nr="24" mi="3" ci="0" mb="0" cb="0"/><line nr="28" mi="0" ci="3" mb="0" cb="0"/><line nr="32" mi="0" ci="3" mb="0" cb="0"/><line nr="36" mi="3" ci="0" mb="0" cb="0"/><line nr="40" mi="0" ci="3" mb="0" cb="0"/><line nr="45" mi="0" ci="32" mb="0" cb="0"/><counter type="INSTRUCTION" missed="9" covered="59"/><counter type="LINE" missed="3" covered="11"/><counter type="COMPLEXITY" missed="3" covered="5"/><counter type="METHOD" missed="3" covered="5"/><counter type="CLASS" missed="0" covered="1"/></sourcefile><counter type="INSTRUCTION" missed="405" covered="92"/><counter type="LINE" missed="80" covered="23"/><counter type="COMPLEXITY" missed="53" covered="6"/><counter type="METHOD" missed="53" covered="6"/><counter type="CLASS" missed="6" covered="2"/></package><package name="Logica/InterfacesYControladores"><class name="Logica/InterfacesYControladores/CAdmin"><method name="&lt;init&gt;" desc="()V" line="31"><counter type="INSTRUCTION" missed="30" covered="0"/><counter type="LINE" missed="9" covered="0"/><counter type="COMPLEXITY" missed="1" covered="0"/><counter type="METHOD" missed="1" covered="0"/></method><method name="getInstancia" desc="()LLogica/InterfacesYControladores/CAdmin;" line="42"><counter type="INSTRUCTION" missed="8" covered="0"/><counter type="BRANCH" missed="2" covered="0"/><counter type="LINE" missed="3" covered="0"/><counter type="COMPLEXITY" missed="2" covered="0"/><counter type="METHOD" missed="1" covered="0"/></method><method name="agregarVideoAListaDeReproduccion" desc="()V" line="52"><counter type="INSTRUCTION" missed="42" covered="0"/><counter type="BRANCH" missed="8" covered="0"/><counter type="LINE" missed="10" covered="0"/><counter type="COMPLEXITY" missed="5" covered="0"/><counter type="METHOD" missed="1" covered="0"/></method><method name="altaCategoria" desc="(Ljava/lang/String;)V" line="71"><counter type="INSTRUCTION" missed="28" covered="0"/><counter type="BRANCH" missed="4" covered="0"/><counter type="LINE" missed="6" covered="0"/><counter type="COMPLEXITY" missed="3" covered="0"/><counter type="METHOD" missed="1" covered="0"/></method><method name="altaComentario" desc="(LLogica/DataType/DtComentario;)V" line="84"><counter type="INSTRUCTION" missed="40" covered="0"/><counter type="BRANCH" missed="8" covered="0"/><counter type="LINE" missed="10" covered="0"/><counter type="COMPLEXITY" missed="5" covered="0"/><counter type="METHOD" missed="1" covered="0"/></method><method name="altaComentario" desc="(LLogica/DataType/DtComentario;I)V" line="104"><counter type="INSTRUCTION" missed="41" covered="0"/><counter type="BRANCH" missed="8" covered="0"/><counter type="LINE" missed="10" covered="0"/><counter type="COMPLEXITY" missed="5" covered="0"/><counter type="METHOD" missed="1" covered="0"/></method><method name="altaListaDeReproduccionParticular" desc="(LLogica/DataType/DtListaDeReproduccion;)V" line="123"><counter type="INSTRUCTION" missed="20" covered="0"/><counter type="BRANCH" missed="4" covered="0"/><counter type="LINE" missed="6" covered="0"/><counter type="COMPLEXITY" missed="3" covered="0"/><counter type="METHOD" missed="1" covered="0"/></method><method name="altaListaDeReproduccionPorDefecto" desc="(LLogica/DataType/DtListaDeReproduccion;)V" line="138"><counter type="INSTRUCTION" missed="48" covered="0"/><counter type="BRANCH" missed="8" covered="0"/><counter type="LINE" missed="11" covered="0"/><counter type="COMPLEXITY" missed="5" covered="0"/><counter type="METHOD" missed="1" covered="0"/></method><method name="altaUsuarioCanal" desc="(LLogica/DataType/DtUsuario;LLogica/DataType/DtCanal;)V" line="158"><counter type="INSTRUCTION" missed="61" covered="0"/><counter type="BRANCH" missed="8" covered="0"/><counter type="LINE" missed="18" covered="0"/><counter type="COMPLEXITY" missed="5" covered="0"/><counter type="METHOD" missed="1" covered="0"/></method><method name="altaValoracion" desc="(LLogica/DataType/DtValoracion;)V" line="188"><counter type="INSTRUCTION" missed="40" covered="0"/><counter type="BRANCH" missed="8" covered="0"/><counter type="LINE" missed="10" covered="0"/><counter type="COMPLEXITY" missed="5" covered="0"/><counter type="METHOD" missed="1" covered="0"/></method><method name="altaVideo" desc="(LLogica/DataType/DtVideo;)V" line="207"><counter type="INSTRUCTION" missed="20" covered="0"/><counter type="BRANCH" missed="4" covered="0"/><counter type="LINE" missed="6" covered="0"/><counter type="COMPLEXITY" missed="3" covered="0"/><counter type="METHOD" missed="1" covered="0"/></method><method name="existeCategoria" desc="(Ljava/lang/String;)Z" line="220"><counter type="INSTRUCTION" missed="5" covered="0"/><counter type="LINE" missed="1" covered="0"/><counter type="COMPLEXITY" missed="1" covered="0"/><counter type="METHOD" missed="1" covered="0"/></method><method name="existeEmail" desc="(Ljava/lang/String;)Z" line="227"><counter type="INSTRUCTION" missed="23" covered="0"/><counter type="BRANCH" missed="4" covered="0"/><counter type="LINE" missed="5" covered="0"/><counter type="COMPLEXITY" missed="3" covered="0"/><counter type="METHOD" missed="1" covered="0"/></method><method name="existeNickname" desc="(Ljava/lang/String;)Z" line="239"><counter type="INSTRUCTION" missed="5" covered="0"/><counter type="LINE" missed="1" covered="0"/><counter type="COMPLEXITY" missed="1" covered="0"/><counter type="METHOD" missed="1" covered="0"/></method><method name="iniciarSesionAdministrador" desc="(ILjava/lang/String;)Z" line="242"><counter type="INSTRUCTION" missed="15" covered="0"/><counter type="BRANCH" missed="2" covered="0"/><counter type="LINE" missed="4" covered="0"/><counter type="COMPLEXITY" missed="2" covered="0"/><counter type="METHOD" missed="1" covered="0"/></method><method name="iniciarSesionUsuario" desc="(Ljava/lang/String;Ljava/lang/String;)Z" line="250"><counter type="INSTRUCTION" missed="21" covered="0"/><counter type="BRANCH" missed="4" covered="0"/><counter type="LINE" missed="7" covered="0"/><counter type="COMPLEXITY" missed="3" covered="0"/><counter type="METHOD" missed="1" covered="0"/></method><method name="liberarMemoriaListaDeReproduccion" desc="()V" line="262"><counter type="INSTRUCTION" missed="4" covered="0"/><counter type="LINE" missed="2" covered="0"/><counter type="COMPLEXITY" missed="1" covered="0"/><counter type="METHOD" missed="1" covered="0"/></method><method name="liberarMemoriaUsuario" desc="()V" line="266"><counter type="INSTRUCTION" missed="4" covered="0"/><counter type="LINE" missed="2" covered="0"/><counter type="COMPLEXITY" missed="1" covered="0"/><counter type="METHOD" missed="1" covered="0"/></method><method name="liberarMemoriaUsuarioActual" desc="()V" line="270"><counter type="INSTRUCTION" missed="4" covered="0"/><counter type="LINE" missed="2" covered="0"/><counter type="COMPLEXITY" missed="1" covered="0"/><counter type="METHOD" missed="1" covered="0"/></method><method name="liberarMemoriaVideo" desc="()V" line="274"><counter type="INSTRUCTION" missed="4" covered="0"/><counter type="LINE" missed="2" covered="0"/><counter type="COMPLEXITY" missed="1" covered="0"/><counter type="METHOD" missed="1" covered="0"/></method><method name="listarCategorias" desc="()Ljava/util/ArrayList;" line="281"><counter type="INSTRUCTION" missed="26" covered="0"/><counter type="BRANCH" missed="2" covered="0"/><counter type="LINE" missed="5" covered="0"/><counter type="COMPLEXITY" missed="2" covered="0"/><counter type="METHOD" missed="1" covered="0"/></method><method name="listarComentariosDeVideo" desc="()Ljava/util/ArrayList;" line="292"><counter type="INSTRUCTION" missed="22" covered="0"/><counter type="BRANCH" missed="4" covered="0"/><counter type="LINE" missed="5" covered="0"/><counter type="COMPLEXITY" missed="3" covered="0"/><counter type="METHOD" missed="1" covered="0"/></method><method name="listarListasDeReproduccionEnCategoria" desc="(Ljava/lang/String;)Ljava/util/ArrayList;" line="306"><counter type="INSTRUCTION" missed="36" covered="0"/><counter type="BRANCH" missed="4" covered="0"/><counter type="LINE" missed="7" covered="0"/><counter type="COMPLEXITY" missed="3" covered="0"/><counter type="METHOD" missed="1" covered="0"/></method><method name="listarListasDeReproduccionDeUsuario" desc="(Ljava/lang/String;)Ljava/util/ArrayList;" line="320"><counter type="INSTRUCTION" missed="53" covered="0"/><counter type="BRANCH" missed="14" covered="0"/><counter type="LINE" missed="9" covered="0"/><counter type="COMPLEXITY" missed="8" covered="0"/><counter type="METHOD" missed="1" covered="0"/></method><method name="listarListasDeReproduccionParticularesDeUsuario" desc="()Ljava/util/ArrayList;" line="340"><counter type="INSTRUCTION" missed="13" covered="0"/><counter type="BRANCH" missed="2" covered="0"/><counter type="LINE" missed="3" covered="0"/><counter type="COMPLEXITY" missed="2" covered="0"/><counter type="METHOD" missed="1" covered="0"/></method><method name="listarUsuarioSeguidores" desc="()Ljava/util/ArrayList;" line="350"><counter type="INSTRUCTION" missed="12" covered="0"/><counter type="BRANCH" missed="2" covered="0"/><counter type="LINE" missed="3" covered="0"/><counter type="COMPLEXITY" missed="2" covered="0"/><counter type="METHOD" missed="1" covered="0"/></method><method name="listarUsuarioSeguidos" desc="()Ljava/util/ArrayList;" line="360"><counter type="INSTRUCTION" missed="12" covered="0"/><counter type="BRANCH" missed="2" covered="0"/><counter type="LINE" missed="3" covered="0"/><counter type="COMPLEXITY" missed="2" covered="0"/><counter type="METHOD" missed="1" covered="0"/></method><method name="listarUsuarios" desc="()Ljava/util/ArrayList;" line="370"><counter type="INSTRUCTION" missed="26" covered="0"/><counter type="BRANCH" missed="2" covered="0"/><counter type="LINE" missed="5" covered="0"/><counter type="COMPLEXITY" missed="2" covered="0"/><counter type="METHOD" missed="1" covered="0"/></method><method name="listarVideosEnCategoria" desc="(Ljava/lang/String;)Ljava/util/ArrayList;" line="381"><counter type="INSTRUCTION" missed="36" covered="0"/><counter type="BRANCH" missed="4" covered="0"/><counter type="LINE" missed="7" covered="0"/><counter type="COMPLEXITY" missed="3" covered="0"/><counter type="METHOD" missed="1" covered="0"/></method><method name="listarVideosDeUsuario" desc="()Ljava/util/ArrayList;" line="395"><counter type="INSTRUCTION" missed="12" covered="0"/><counter type="BRANCH" missed="2" covered="0"/><counter type="LINE" missed="3" covered="0"/><counter type="COMPLEXITY" missed="2" covered="0"/><counter type="METHOD" missed="1" covered="0"/></method><method name="listarVideosDeListaDeReproduccion" desc="()Ljava/util/ArrayList;" line="405"><counter type="INSTRUCTION" missed="22" covered="0"/><counter type="BRANCH" missed="4" covered="0"/><counter type="LINE" missed="5" covered="0"/><counter type="COMPLEXITY" missed="3" covered="0"/><counter type="METHOD" missed="1" covered="0"/></method><method name="modificarListaDeReproduccion" desc="(LLogica/DataType/DtListaDeReproduccion;)V" line="418"><counter type="INSTRUCTION" missed="35" covered="0"/><counter type="BRANCH" missed="4" covered="0"/><counter type="LINE" missed="11" covered="0"/><counter type="COMPLEXITY" missed="3" covered="0"/><counter type="METHOD" missed="1" covered="0"/></method><method name="modificarUsuarioYCanal" desc="(LLogica/DataType/DtUsuario;LLogica/DataType/DtCanal;)V" line="440"><counter type="INSTRUCTION" missed="28" covered="0"/><counter type="BRANCH" missed="6" covered="0"/><counter type="LINE" missed="8" covered="0"/><counter type="COMPLEXITY" missed="4" covered="0"/><counter type="METHOD" missed="1" covered="0"/></method><method name="modificarVideo" desc="(LLogica/DataType/DtVideo;)V" line="456"><counter type="INSTRUCTION" missed="50" covered="0"/><counter type="BRANCH" missed="6" covered="0"/><counter type="LINE" missed="16" covered="0"/><counter type="COMPLEXITY" missed="4" covered="0"/><counter type="METHOD" missed="1" covered="0"/></method><method name="obtenerCanalDeUsuario" desc="()LLogica/DataType/DtCanal;" line="486"><counter type="INSTRUCTION" missed="12" covered="0"/><counter type="BRANCH" missed="2" covered="0"/><counter type="LINE" missed="3" covered="0"/><counter type="COMPLEXITY" missed="2" covered="0"/><counter type="METHOD" missed="1" covered="0"/></method><method name="obtenerValoracionesDeVideo" desc="()Ljava/util/ArrayList;" line="496"><counter type="INSTRUCTION" missed="22" covered="0"/><counter type="BRANCH" missed="4" covered="0"/><counter type="LINE" missed="5" covered="0"/><counter type="COMPLEXITY" missed="3" covered="0"/><counter type="METHOD" missed="1" covered="0"/></method><method name="obtenerValoracionDada" desc="()LLogica/DataType/DtValoracion;" line="510"><counter type="INSTRUCTION" missed="33" covered="0"/><counter type="BRANCH" missed="6" covered="0"/><counter type="LINE" missed="7" covered="0"/><counter type="COMPLEXITY" missed="4" covered="0"/><counter type="METHOD" missed="1" covered="0"/></method><method name="quitarVideoDeListaDeReproduccion" desc="()V" line="527"><counter type="INSTRUCTION" missed="32" covered="0"/><counter type="BRANCH" missed="6" covered="0"/><counter type="LINE" missed="8" covered="0"/><counter type="COMPLEXITY" missed="4" covered="0"/><counter type="METHOD" missed="1" covered="0"/></method><method name="seleccionarUsuario" desc="(Ljava/lang/String;)LLogica/DataType/DtUsuario;" line="544"><counter type="INSTRUCTION" missed="19" covered="0"/><counter type="BRANCH" missed="2" covered="0"/><counter type="LINE" missed="4" covered="0"/><counter type="COMPLEXITY" missed="2" covered="0"/><counter type="METHOD" missed="1" covered="0"/></method><method name="seleccionarUsuarioActual" desc="(Ljava/lang/String;)LLogica/DataType/DtUsuario;" line="556"><counter type="INSTRUCTION" missed="19" covered="0"/><counter type="BRANCH" missed="2" covered="0"/><counter type="LINE" missed="4" covered="0"/><counter type="COMPLEXITY" missed="2" covered="0"/><counter type="METHOD" missed="1" covered="0"/></method><method name="seleccionarVideo" desc="(I)LLogica/DataType/DtVideo;" line="568"><counter type="INSTRUCTION" missed="18" covered="0"/><counter type="BRANCH" missed="2" covered="0"/><counter type="LINE" missed="5" covered="0"/><counter type="COMPLEXITY" missed="2" covered="0"/><counter type="METHOD" missed="1" covered="0"/></method><method name="seleccionarListaDeReproduccion" desc="(I)LLogica/DataType/DtListaDeReproduccion;" line="581"><counter type="INSTRUCTION" missed="18" covered="0"/><counter type="BRANCH" missed="2" covered="0"/><counter type="LINE" missed="5" covered="0"/><counter type="COMPLEXITY" missed="2" covered="0"/><counter type="METHOD" missed="1" covered="0"/></method><method name="seguirUsuario" desc="()V" line="594"><counter type="INSTRUCTION" missed="22" covered="0"/><counter type="BRANCH" missed="4" covered="0"/><counter type="LINE" missed="6" covered="0"/><counter type="COMPLEXITY" missed="3" covered="0"/><counter type="METHOD" missed="1" covered="0"/></method><method name="validarNuevaListaParticular" desc="(Ljava/lang/String;)Z" line="607"><counter type="INSTRUCTION" missed="13" covered="0"/><counter type="BRANCH" missed="2" covered="0"/><counter type="LINE" missed="3" covered="0"/><counter type="COMPLEXITY" missed="2" covered="0"/><counter type="METHOD" missed="1" covered="0"/></method><method name="validarNuevaListaPorDefecto" desc="(Ljava/lang/String;)Z" line="618"><counter type="INSTRUCTION" missed="23" covered="0"/><counter type="BRANCH" missed="4" covered="0"/><counter type="LINE" missed="5" covered="0"/><counter type="COMPLEXITY" missed="3" covered="0"/><counter type="METHOD" missed="1" covered="0"/></method><method name="&lt;clinit&gt;" desc="()V" line="21"><counter type="INSTRUCTION" missed="3" covered="0"/><counter type="LINE" missed="1" covered="0"/><counter type="COMPLEXITY" missed="1" covered="0"/><counter type="METHOD" missed="1" covered="0"/></method><counter type="INSTRUCTION" missed="1080" covered="0"/><counter type="BRANCH" missed="166" covered="0"/><counter type="LINE" missed="271" covered="0"/><counter type="COMPLEXITY" missed="129" covered="0"/><counter type="METHOD" missed="46" covered="0"/><counter type="CLASS" missed="1" covered="0"/></class><sourcefile name="CAdmin.java"><line nr="21" mi="3" ci="0" mb="0" cb="0"/><line nr="31" mi="2" ci="0" mb="0" cb="0"/><line nr="32" mi="5" ci="0" mb="0" cb="0"/><line nr="33" mi="5" ci="0" mb="0" cb="0"/><line nr="34" mi="5" ci="0" mb="0" cb="0"/><line nr="35" mi="3" ci="0" mb="0" cb="0"/><line nr="36" mi="3" ci="0" mb="0" cb="0"/><line nr="37" mi="3" ci="0" mb="0" cb="0"/><line nr="38" mi="3" ci="0" mb="0" cb="0"/><line nr="39" mi="1" ci="0" mb="0" cb="0"/><line nr="42" mi="2" ci="0" mb="2" cb="0"/><line nr="43" mi="4" ci="0" mb="0" cb="0"/><line nr="45" mi="2" ci="0" mb="0" cb="0"/><line nr="52" mi="3" ci="0" mb="2" cb="0"/><line nr="53" mi="5" ci="0" mb="0" cb="0"/><line nr="55" mi="3" ci="0" mb="2" cb="0"/><line nr="56" mi="5" ci="0" mb="0" cb="0"/><line nr="58" mi="3" ci="0" mb="2" cb="0"/><line nr="59" mi="5" ci="0" mb="0" cb="0"/><line nr="61" mi="3" ci="0" mb="2" cb="0"/><line nr="62" mi="5" ci="0" mb="0" cb="0"/><line nr="64" mi="9" ci="0" mb="0" cb="0"/><line nr="65" mi="1" ci="0" mb="0" cb="0"/><line nr="71" mi="4" ci="0" mb="2" cb="0"/><line nr="72" mi="5" ci="0" mb="0" cb="0"/><line nr="74" mi="4" ci="0" mb="2" cb="0"/><line nr="75" mi="5" ci="0" mb="0" cb="0"/><line nr="77" mi="9" ci="0" mb="0" cb="0"/><line nr="78" mi="1" ci="0" mb="0" cb="0"/><line nr="84" mi="3" ci="0" mb="2" cb="0"/><line nr="85" mi="5" ci="0" mb="0" cb="0"/><line nr="87" mi="3" ci="0" mb="2" cb="0"/><line nr="88" mi="5" ci="0" mb="0" cb="0"/><line nr="90" mi="2" ci="0" mb="2" cb="0"/><line nr="91" mi="5" ci="0" mb="0" cb="0"/><line nr="93" mi="3" ci="0" mb="2" cb="0"/><line nr="94" mi="5" ci="0" mb="0" cb="0"/><line nr="96" mi="8" ci="0" mb="0" cb="0"/><line nr="98" mi="1" ci="0" mb="0" cb="0"/><line nr="104" mi="3" ci="0" mb="2" cb="0"/><line nr="105" mi="5" ci="0" mb="0" cb="0"/><line nr="107" mi="3" ci="0" mb="2" cb="0"/><line nr="108" mi="5" ci="0" mb="0" cb="0"/><line nr="110" mi="2" ci="0" mb="2" cb="0"/><line nr="111" mi="5" ci="0" mb="0" cb="0"/><line nr="113" mi="3" ci="0" mb="2" cb="0"/><line nr="114" mi="5" ci="0" mb="0" cb="0"/><line nr="116" mi="9" ci="0" mb="0" cb="0"/><line nr="117" mi="1" ci="0" mb="0" cb="0"/><line nr="123" mi="3" ci="0" mb="2" cb="0"/><line nr="124" mi="5" ci="0" mb="0" cb="0"/><line nr="126" mi="2" ci="0" mb="2" cb="0"/><line nr="127" mi="5" ci="0" mb="0" cb="0"/><line nr="129" mi="4" ci="0" mb="0" cb="0"/><line nr="131" mi="1" ci="0" mb="0" cb="0"/><line nr="138" mi="2" ci="0" mb="2" cb="0"/><line nr="139" mi="5" ci="0" mb="0" cb="0"/><line nr="141" mi="5" ci="0" mb="2" cb="0"/><line nr="142" mi="5" ci="0" mb="0" cb="0"/><line nr="144" mi="5" ci="0" mb="2" cb="0"/><line nr="145" mi="5" ci="0" mb="0" cb="0"/><line nr="147" mi="3" ci="0" mb="0" cb="0"/><line nr="149" mi="12" ci="0" mb="2" cb="0"/><line nr="150" mi="4" ci="0" mb="0" cb="0"/><line nr="151" mi="1" ci="0" mb="0" cb="0"/><line nr="152" mi="1" ci="0" mb="0" cb="0"/><line nr="158" mi="2" ci="0" mb="2" cb="0"/><line nr="159" mi="5" ci="0" mb="0" cb="0"/><line nr="161" mi="2" ci="0" mb="2" cb="0"/><line nr="162" mi="5" ci="0" mb="0" cb="0"/><line nr="164" mi="5" ci="0" mb="2" cb="0"/><line nr="165" mi="5" ci="0" mb="0" cb="0"/><line nr="167" mi="5" ci="0" mb="2" cb="0"/><line nr="168" mi="5" ci="0" mb="0" cb="0"/><line nr="171" mi="3" ci="0" mb="0" cb="0"/><line nr="172" mi="2" ci="0" mb="0" cb="0"/><line nr="173" mi="2" ci="0" mb="0" cb="0"/><line nr="174" mi="2" ci="0" mb="0" cb="0"/><line nr="175" mi="2" ci="0" mb="0" cb="0"/><line nr="176" mi="2" ci="0" mb="0" cb="0"/><line nr="177" mi="2" ci="0" mb="0" cb="0"/><line nr="178" mi="4" ci="0" mb="0" cb="0"/><line nr="180" mi="7" ci="0" mb="0" cb="0"/><line nr="181" mi="1" ci="0" mb="0" cb="0"/><line nr="188" mi="3" ci="0" mb="2" cb="0"/><line nr="189" mi="5" ci="0" mb="0" cb="0"/><line nr="191" mi="3" ci="0" mb="2" cb="0"/><line nr="192" mi="5" ci="0" mb="0" cb="0"/><line nr="194" mi="2" ci="0" mb="2" cb="0"/><line nr="195" mi="5" ci="0" mb="0" cb="0"/><line nr="197" mi="3" ci="0" mb="2" cb="0"/><line nr="198" mi="5" ci="0" mb="0" cb="0"/><line nr="200" mi="8" ci="0" mb="0" cb="0"/><line nr="201" mi="1" ci="0" mb="0" cb="0"/><line nr="207" mi="3" ci="0" mb="2" cb="0"/><line nr="208" mi="5" ci="0" mb="0" cb="0"/><line nr="210" mi="2" ci="0" mb="2" cb="0"/><line nr="211" mi="5" ci="0" mb="0" cb="0"/><line nr="213" mi="4" ci="0" mb="0" cb="0"/><line nr="214" mi="1" ci="0" mb="0" cb="0"/><line nr="220" mi="5" ci="0" mb="0" cb="0"/><line nr="227" mi="12" ci="0" mb="2" cb="0"/><line nr="228" mi="6" ci="0" mb="2" cb="0"/><line nr="229" mi="2" ci="0" mb="0" cb="0"/><line nr="231" mi="1" ci="0" mb="0" cb="0"/><line nr="232" mi="2" ci="0" mb="0" cb="0"/><line nr="239" mi="5" ci="0" mb="0" cb="0"/><line nr="242" mi="7" ci="0" mb="0" cb="0"/><line nr="243" mi="2" ci="0" mb="2" cb="0"/><line nr="244" mi="2" ci="0" mb="0" cb="0"/><line nr="246" mi="4" ci="0" mb="0" cb="0"/><line nr="250" mi="6" ci="0" mb="0" cb="0"/><line nr="251" mi="2" ci="0" mb="2" cb="0"/><line nr="252" mi="2" ci="0" mb="0" cb="0"/><line nr="254" mi="4" ci="0" mb="0" cb="0"/><line nr="255" mi="2" ci="0" mb="2" cb="0"/><line nr="256" mi="3" ci="0" mb="0" cb="0"/><line nr="258" mi="2" ci="0" mb="0" cb="0"/><line nr="262" mi="3" ci="0" mb="0" cb="0"/><line nr="263" mi="1" ci="0" mb="0" cb="0"/><line nr="266" mi="3" ci="0" mb="0" cb="0"/><line nr="267" mi="1" ci="0" mb="0" cb="0"/><line nr="270" mi="3" ci="0" mb="0" cb="0"/><line nr="271" mi="1" ci="0" mb="0" cb="0"/><line nr="274" mi="3" ci="0" mb="0" cb="0"/><line nr="275" mi="1" ci="0" mb="0" cb="0"/><line nr="281" mi="4" ci="0" mb="0" cb="0"/><line nr="282" mi="12" ci="0" mb="2" cb="0"/><line nr="283" mi="7" ci="0" mb="0" cb="0"/><line nr="284" mi="1" ci="0" mb="0" cb="0"/><line nr="285" mi="2" ci="0" mb="0" cb="0"/><line nr="292" mi="3" ci="0" mb="2" cb="0"/><line nr="293" mi="5" ci="0" mb="0" cb="0"/><line nr="295" mi="3" ci="0" mb="2" cb="0"/><line nr="296" mi="5" ci="0" mb="0" cb="0"/><line nr="298" mi="6" ci="0" mb="0" cb="0"/><line nr="306" mi="4" ci="0" mb="2" cb="0"/><line nr="307" mi="5" ci="0" mb="0" cb="0"/><line nr="309" mi="4" ci="0" mb="0" cb="0"/><line nr="310" mi="12" ci="0" mb="2" cb="0"/><line nr="311" mi="8" ci="0" mb="0" cb="0"/><line nr="312" mi="1" ci="0" mb="0" cb="0"/><line nr="313" mi="2" ci="0" mb="0" cb="0"/><line nr="320" mi="4" ci="0" mb="2" cb="0"/><line nr="321" mi="5" ci="0" mb="0" cb="0"/><line nr="323" mi="6" ci="0" mb="4" cb="0"/><line nr="324" mi="5" ci="0" mb="0" cb="0"/><line nr="327" mi="9" ci="0" mb="4" cb="0"/><line nr="328" mi="5" ci="0" mb="0" cb="0"/><line nr="330" mi="9" ci="0" mb="4" cb="0"/><line nr="331" mi="5" ci="0" mb="0" cb="0"/><line nr="333" mi="5" ci="0" mb="0" cb="0"/><line nr="340" mi="3" ci="0" mb="2" cb="0"/><line nr="341" mi="5" ci="0" mb="0" cb="0"/><line nr="343" mi="5" ci="0" mb="0" cb="0"/><line nr="350" mi="3" ci="0" mb="2" cb="0"/><line nr="351" mi="5" ci="0" mb="0" cb="0"/><line nr="353" mi="4" ci="0" mb="0" cb="0"/><line nr="360" mi="3" ci="0" mb="2" cb="0"/><line nr="361" mi="5" ci="0" mb="0" cb="0"/><line nr="363" mi="4" ci="0" mb="0" cb="0"/><line nr="370" mi="4" ci="0" mb="0" cb="0"/><line nr="371" mi="12" ci="0" mb="2" cb="0"/><line nr="372" mi="7" ci="0" mb="0" cb="0"/><line nr="373" mi="1" ci="0" mb="0" cb="0"/><line nr="374" mi="2" ci="0" mb="0" cb="0"/><line nr="381" mi="4" ci="0" mb="2" cb="0"/><line nr="382" mi="5" ci="0" mb="0" cb="0"/><line nr="384" mi="4" ci="0" mb="0" cb="0"/><line nr="385" mi="12" ci="0" mb="2" cb="0"/><line nr="386" mi="8" ci="0" mb="0" cb="0"/><line nr="387" mi="1" ci="0" mb="0" cb="0"/><line nr="388" mi="2" ci="0" mb="0" cb="0"/><line nr="395" mi="3" ci="0" mb="2" cb="0"/><line nr="396" mi="5" ci="0" mb="0" cb="0"/><line nr="398" mi="4" ci="0" mb="0" cb="0"/><line nr="405" mi="3" ci="0" mb="2" cb="0"/><line nr="406" mi="5" ci="0" mb="0" cb="0"/><line nr="408" mi="3" ci="0" mb="2" cb="0"/><line nr="409" mi="5" ci="0" mb="0" cb="0"/><line nr="411" mi="6" ci="0" mb="0" cb="0"/><line nr="418" mi="3" ci="0" mb="2" cb="0"/><line nr="419" mi="5" ci="0" mb="0" cb="0"/><line nr="421" mi="3" ci="0" mb="2" cb="0"/><line nr="422" mi="5" ci="0" mb="0" cb="0"/><line nr="427" mi="5" ci="0" mb="0" cb="0"/><line nr="429" mi="2" ci="0" mb="0" cb="0"/><line nr="430" mi="2" ci="0" mb="0" cb="0"/><line nr="431" mi="2" ci="0" mb="0" cb="0"/><line nr="432" mi="3" ci="0" mb="0" cb="0"/><line nr="433" mi="4" ci="0" mb="0" cb="0"/><line nr="434" mi="1" ci="0" mb="0" cb="0"/><line nr="440" mi="3" ci="0" mb="2" cb="0"/><line nr="441" mi="5" ci="0" mb="0" cb="0"/><line nr="443" mi="2" ci="0" mb="2" cb="0"/><line nr="444" mi="5" ci="0" mb="0" cb="0"/><line nr="446" mi="2" ci="0" mb="2" cb="0"/><line nr="447" mi="5" ci="0" mb="0" cb="0"/><line nr="449" mi="5" ci="0" mb="0" cb="0"/><line nr="450" mi="1" ci="0" mb="0" cb="0"/><line nr="456" mi="3" ci="0" mb="2" cb="0"/><line nr="457" mi="5" ci="0" mb="0" cb="0"/><line nr="459" mi="3" ci="0" mb="2" cb="0"/><line nr="460" mi="5" ci="0" mb="0" cb="0"/><line nr="462" mi="2" ci="0" mb="2" cb="0"/><line nr="463" mi="5" ci="0" mb="0" cb="0"/><line nr="468" mi="5" ci="0" mb="0" cb="0"/><line nr="470" mi="2" ci="0" mb="0" cb="0"/><line nr="471" mi="2" ci="0" mb="0" cb="0"/><line nr="472" mi="2" ci="0" mb="0" cb="0"/><line nr="473" mi="2" ci="0" mb="0" cb="0"/><line nr="474" mi="2" ci="0" mb="0" cb="0"/><line nr="475" mi="2" ci="0" mb="0" cb="0"/><line nr="476" mi="5" ci="0" mb="0" cb="0"/><line nr="479" mi="4" ci="0" mb="0" cb="0"/><line nr="480" mi="1" ci="0" mb="0" cb="0"/><line nr="486" mi="3" ci="0" mb="2" cb="0"/><line nr="487" mi="5" ci="0" mb="0" cb="0"/><line nr="489" mi="4" ci="0" mb="0" cb="0"/><line nr="496" mi="3" ci="0" mb="2" cb="0"/><line nr="497" mi="5" ci="0" mb="0" cb="0"/><line nr="499" mi="3" ci="0" mb="2" cb="0"/><line nr="500" mi="5" ci="0" mb="0" cb="0"/><line nr="502" mi="6" ci="0" mb="0" cb="0"/><line nr="510" mi="3" ci="0" mb="2" cb="0"/><line nr="511" mi="5" ci="0" mb="0" cb="0"/><line nr="513" mi="3" ci="0" mb="2" cb="0"/><line nr="514" mi="5" ci="0" mb="0" cb="0"/><line nr="516" mi="3" ci="0" mb="2" cb="0"/><line nr="517" mi="5" ci="0" mb="0" cb="0"/><line nr="520" mi="9" ci="0" mb="0" cb="0"/><line nr="527" mi="3" ci="0" mb="2" cb="0"/><line nr="528" mi="5" ci="0" mb="0" cb="0"/><line nr="530" mi="3" ci="0" mb="2" cb="0"/><line nr="531" mi="5" ci="0" mb="0" cb="0"/><line nr="533" mi="3" ci="0" mb="2" cb="0"/><line nr="534" mi="5" ci="0" mb="0" cb="0"/><line nr="536" mi="7" ci="0" mb="0" cb="0"/><line nr="537" mi="1" ci="0" mb="0" cb="0"/><line nr="544" mi="7" ci="0" mb="0" cb="0"/><line nr="545" mi="3" ci="0" mb="2" cb="0"/><line nr="546" mi="5" ci="0" mb="0" cb="0"/><line nr="548" mi="4" ci="0" mb="0" cb="0"/><line nr="556" mi="7" ci="0" mb="0" cb="0"/><line nr="557" mi="3" ci="0" mb="2" cb="0"/><line nr="558" mi="5" ci="0" mb="0" cb="0"/><line nr="560" mi="4" ci="0" mb="0" cb="0"/><line nr="568" mi="3" ci="0" mb="2" cb="0"/><line nr="569" mi="5" ci="0" mb="0" cb="0"/><line nr="571" mi="5" ci="0" mb="0" cb="0"/><line nr="572" mi="3" ci="0" mb="0" cb="0"/><line nr="573" mi="2" ci="0" mb="0" cb="0"/><line nr="581" mi="3" ci="0" mb="2" cb="0"/><line nr="582" mi="5" ci="0" mb="0" cb="0"/><line nr="584" mi="5" ci="0" mb="0" cb="0"/><line nr="585" mi="3" ci="0" mb="0" cb="0"/><line nr="586" mi="2" ci="0" mb="0" cb="0"/><line nr="594" mi="3" ci="0" mb="2" cb="0"/><line nr="595" mi="5" ci="0" mb="0" cb="0"/><line nr="597" mi="3" ci="0" mb="2" cb="0"/><line nr="598" mi="5" ci="0" mb="0" cb="0"/><line nr="600" mi="5" ci="0" mb="0" cb="0"/><line nr="601" mi="1" ci="0" mb="0" cb="0"/><line nr="607" mi="3" ci="0" mb="2" cb="0"/><line nr="608" mi="5" ci="0" mb="0" cb="0"/><line nr="610" mi="5" ci="0" mb="0" cb="0"/><line nr="618" mi="12" ci="0" mb="2" cb="0"/><line nr="619" mi="6" ci="0" mb="2" cb="0"/><line nr="620" mi="2" ci="0" mb="0" cb="0"/><line nr="622" mi="1" ci="0" mb="0" cb="0"/><line nr="623" mi="2" ci="0" mb="0" cb="0"/><counter type="INSTRUCTION" missed="1080" covered="0"/><counter type="BRANCH" missed="166" covered="0"/><counter type="LINE" missed="271" covered="0"/><counter type="COMPLEXITY" missed="129" covered="0"/><counter type="METHOD" missed="46" covered="0"/><counter type="CLASS" missed="1" covered="0"/></sourcefile><counter type="INSTRUCTION" missed="1080" covered="0"/><counter type="BRANCH" missed="166" covered="0"/><counter type="LINE" missed="271" covered="0"/><counter type="COMPLEXITY" missed="129" covered="0"/><counter type="METHOD" missed="46" covered="0"/><counter type="CLASS" missed="1" covered="0"/></package><package name="Logica/Clases"><class name="Logica/Clases/Video"><method name="&lt;init&gt;" desc="()V" line="20"><counter type="INSTRUCTION" missed="12" covered="0"/><counter type="LINE" missed="5" covered="0"/><counter type="COMPLEXITY" missed="1" covered="0"/><counter type="METHOD" missed="1" covered="0"/></method><method name="&lt;init&gt;" desc="(ILjava/lang/String;Ljava/lang/String;Ljava/sql/Time;Ljava/sql/Date;Ljava/lang/String;Ljava/lang/String;)V" line="20"><counter type="INSTRUCTION" missed="30" covered="58"/><counter type="BRANCH" missed="6" covered="6"/><counter type="LINE" missed="0" covered="20"/><counter type="COMPLEXITY" missed="6" covered="1"/><counter type="METHOD" missed="0" covered="1"/></method><method name="agregarComentario" desc="(LLogica/DataType/DtComentario;LLogica/Clases/Usuario;)V" line="52"><counter type="INSTRUCTION" missed="35" covered="0"/><counter type="BRANCH" missed="4" covered="0"/><counter type="LINE" missed="8" covered="0"/><counter type="COMPLEXITY" missed="3" covered="0"/><counter type="METHOD" missed="1" covered="0"/></method><method name="agregarComentario" desc="(ILLogica/DataType/DtComentario;LLogica/Clases/Usuario;)V" line="66"><counter type="INSTRUCTION" missed="37" covered="0"/><counter type="BRANCH" missed="8" covered="0"/><counter type="LINE" missed="9" covered="0"/><counter type="COMPLEXITY" missed="5" covered="0"/><counter type="METHOD" missed="1" covered="0"/></method><method name="agregarModificarValoracion" desc="(LLogica/DataType/DtValoracion;LLogica/Clases/Usuario;)V" line="82"><counter type="INSTRUCTION" missed="89" covered="0"/><counter type="BRANCH" missed="14" covered="0"/><counter type="LINE" missed="20" covered="0"/><counter type="COMPLEXITY" missed="8" covered="0"/><counter type="METHOD" missed="1" covered="0"/></method><method name="getDt" desc="()LLogica/DataType/DtVideo;" line="122"><counter type="INSTRUCTION" missed="0" covered="24"/><counter type="LINE" missed="0" covered="1"/><counter type="COMPLEXITY" missed="0" covered="1"/><counter type="METHOD" missed="0" covered="1"/></method><method name="listarComentarios" desc="()Ljava/util/ArrayList;" line="126"><counter type="INSTRUCTION" missed="33" covered="0"/><counter type="BRANCH" missed="2" covered="0"/><counter type="LINE" missed="6" covered="0"/><counter type="COMPLEXITY" missed="2" covered="0"/><counter type="METHOD" missed="1" covered="0"/></method><method name="listarValoraciones" desc="()Ljava/util/ArrayList;" line="138"><counter type="INSTRUCTION" missed="24" covered="0"/><counter type="BRANCH" missed="2" covered="0"/><counter type="LINE" missed="4" covered="0"/><counter type="COMPLEXITY" missed="2" covered="0"/><counter type="METHOD" missed="1" covered="0"/></method><method name="modificar" desc="(LLogica/DataType/DtVideo;)V" line="148"><counter type="INSTRUCTION" missed="66" covered="0"/><counter type="BRANCH" missed="10" covered="0"/><counter type="LINE" missed="17" covered="0"/><counter type="COMPLEXITY" missed="6" covered="0"/><counter type="METHOD" missed="1" covered="0"/></method><method name="obtenerValoracion" desc="(Ljava/lang/String;)LLogica/DataType/DtValoracion;" line="180"><counter type="INSTRUCTION" missed="35" covered="0"/><counter type="BRANCH" missed="6" covered="0"/><counter type="LINE" missed="6" covered="0"/><counter type="COMPLEXITY" missed="4" covered="0"/><counter type="METHOD" missed="1" covered="0"/></method><method name="quitarValoracion" desc="(Ljava/lang/String;)V" line="192"><counter type="INSTRUCTION" missed="55" covered="0"/><counter type="BRANCH" missed="8" covered="0"/><counter type="LINE" missed="10" covered="0"/><counter type="COMPLEXITY" missed="5" covered="0"/><counter type="METHOD" missed="1" covered="0"/></method><method name="getNuevoId" desc="()I" line="216"><counter type="INSTRUCTION" missed="8" covered="0"/><counter type="LINE" missed="2" covered="0"/><counter type="COMPLEXITY" missed="1" covered="0"/><counter type="METHOD" missed="1" covered="0"/></method><method name="getId" desc="()I" line="222"><counter type="INSTRUCTION" missed="0" covered="3"/><counter type="LINE" missed="0" covered="1"/><counter type="COMPLEXITY" missed="0" covered="1"/><counter type="METHOD" missed="0" covered="1"/></method><method name="setId" desc="(I)V" line="226"><counter type="INSTRUCTION" missed="4" covered="0"/><counter type="LINE" missed="2" covered="0"/><counter type="COMPLEXITY" missed="1" covered="0"/><counter type="METHOD" missed="1" covered="0"/></method><method name="getNombre" desc="()Ljava/lang/String;" line="230"><counter type="INSTRUCTION" missed="3" covered="0"/><counter type="LINE" missed="1" covered="0"/><counter type="COMPLEXITY" missed="1" covered="0"/><counter type="METHOD" missed="1" covered="0"/></method><method name="setNombre" desc="(Ljava/lang/String;)V" line="234"><counter type="INSTRUCTION" missed="4" covered="0"/><counter type="LINE" missed="2" covered="0"/><counter type="COMPLEXITY" missed="1" covered="0"/><counter type="METHOD" missed="1" covered="0"/></method><method name="getDescripcion" desc="()Ljava/lang/String;" line="238"><counter type="INSTRUCTION" missed="3" covered="0"/><counter type="LINE" missed="1" covered="0"/><counter type="COMPLEXITY" missed="1" covered="0"/><counter type="METHOD" missed="1" covered="0"/></method><method name="setDescripcion" desc="(Ljava/lang/String;)V" line="242"><counter type="INSTRUCTION" missed="4" covered="0"/><counter type="LINE" missed="2" covered="0"/><counter type="COMPLEXITY" missed="1" covered="0"/><counter type="METHOD" missed="1" covered="0"/></method><method name="getDuracion" desc="()Ljava/sql/Time;" line="246"><counter type="INSTRUCTION" missed="3" covered="0"/><counter type="LINE" missed="1" covered="0"/><counter type="COMPLEXITY" missed="1" covered="0"/><counter type="METHOD" missed="1" covered="0"/></method><method name="setDuracion" desc="(Ljava/sql/Time;)V" line="250"><counter type="INSTRUCTION" missed="4" covered="0"/><counter type="LINE" missed="2" covered="0"/><counter type="COMPLEXITY" missed="1" covered="0"/><counter type="METHOD" missed="1" covered="0"/></method><method name="getFechaPublicacion" desc="()Ljava/sql/Date;" line="254"><counter type="INSTRUCTION" missed="3" covered="0"/><counter type="LINE" missed="1" covered="0"/><counter type="COMPLEXITY" missed="1" covered="0"/><counter type="METHOD" missed="1" covered="0"/></method><method name="setFechaPublicacion" desc="(Ljava/sql/Date;)V" line="258"><counter type="INSTRUCTION" missed="4" covered="0"/><counter type="LINE" missed="2" covered="0"/><counter type="COMPLEXITY" missed="1" covered="0"/><counter type="METHOD" missed="1" covered="0"/></method><method name="getUrlVideoOriginal" desc="()Ljava/lang/String;" line="262"><counter type="INSTRUCTION" missed="3" covered="0"/><counter type="LINE" missed="1" covered="0"/><counter type="COMPLEXITY" missed="1" covered="0"/><counter type="METHOD" missed="1" covered="0"/></method><method name="setUrlVideoOriginal" desc="(Ljava/lang/String;)V" line="266"><counter type="INSTRUCTION" missed="4" covered="0"/><counter type="LINE" missed="2" covered="0"/><counter type="COMPLEXITY" missed="1" covered="0"/><counter type="METHOD" missed="1" covered="0"/></method><method name="getPrivacidad" desc="()LLogica/Enumerados/Privacidad;" line="270"><counter type="INSTRUCTION" missed="3" covered="0"/><counter type="LINE" missed="1" covered="0"/><counter type="COMPLEXITY" missed="1" covered="0"/><counter type="METHOD" missed="1" covered="0"/></method><method name="setPrivacidad" desc="(LLogica/Enumerados/Privacidad;)V" line="274"><counter type="INSTRUCTION" missed="4" covered="0"/><counter type="LINE" missed="2" covered="0"/><counter type="COMPLEXITY" missed="1" covered="0"/><counter type="METHOD" missed="1" covered="0"/></method><method name="getCategoria" desc="()Ljava/lang/String;" line="278"><counter type="INSTRUCTION" missed="3" covered="0"/><counter type="LINE" missed="1" covered="0"/><counter type="COMPLEXITY" missed="1" covered="0"/><counter type="METHOD" missed="1" covered="0"/></method><method name="setCategoria" desc="(Ljava/lang/String;)V" line="282"><counter type="INSTRUCTION" missed="4" covered="0"/><counter type="LINE" missed="2" covered="0"/><counter type="COMPLEXITY" missed="1" covered="0"/><counter type="METHOD" missed="1" covered="0"/></method><method name="getCantLikes" desc="()I" line="286"><counter type="INSTRUCTION" missed="3" covered="0"/><counter type="LINE" missed="1" covered="0"/><counter type="COMPLEXITY" missed="1" covered="0"/><counter type="METHOD" missed="1" covered="0"/></method><method name="setCantLikes" desc="(I)V" line="290"><counter type="INSTRUCTION" missed="4" covered="0"/><counter type="LINE" missed="2" covered="0"/><counter type="COMPLEXITY" missed="1" covered="0"/><counter type="METHOD" missed="1" covered="0"/></method><method name="getCantDisLikes" desc="()I" line="294"><counter type="INSTRUCTION" missed="3" covered="0"/><counter type="LINE" missed="1" covered="0"/><counter type="COMPLEXITY" missed="1" covered="0"/><counter type="METHOD" missed="1" covered="0"/></method><method name="setCantDisLikes" desc="(I)V" line="298"><counter type="INSTRUCTION" missed="4" covered="0"/><counter type="LINE" missed="2" covered="0"/><counter type="COMPLEXITY" missed="1" covered="0"/><counter type="METHOD" missed="1" covered="0"/></method><method name="toString" desc="()Ljava/lang/String;" line="303"><counter type="INSTRUCTION" missed="57" covered="0"/><counter type="LINE" missed="1" covered="0"/><counter type="COMPLEXITY" missed="1" covered="0"/><counter type="METHOD" missed="1" covered="0"/></method><method name="&lt;clinit&gt;" desc="()V" line="26"><counter type="INSTRUCTION" missed="0" covered="3"/><counter type="LINE" missed="0" covered="1"/><counter type="COMPLEXITY" missed="0" covered="1"/><counter type="METHOD" missed="0" covered="1"/></method><counter type="INSTRUCTION" missed="548" covered="88"/><counter type="BRANCH" missed="60" covered="6"/><counter type="LINE" missed="114" covered="23"/><counter type="COMPLEXITY" missed="63" covered="4"/><counter type="METHOD" missed="30" covered="4"/><counter type="CLASS" missed="0" covered="1"/></class><class name="Logica/Clases/ListaDeReproduccion"><method name="&lt;init&gt;" desc="(ILjava/lang/String;LLogica/Enumerados/Privacidad;LLogica/Enumerados/TipoListaDeReproduccion;Ljava/lang/String;)V" line="23"><counter type="INSTRUCTION" missed="0" covered="64"/><counter type="BRANCH" missed="0" covered="12"/><counter type="LINE" missed="0" covered="16"/><counter type="COMPLEXITY" missed="0" covered="7"/><counter type="METHOD" missed="0" covered="1"/></method><method name="getNuevoId" desc="()I" line="45"><counter type="INSTRUCTION" missed="0" covered="6"/><counter type="LINE" missed="0" covered="1"/><counter type="COMPLEXITY" missed="0" covered="1"/><counter type="METHOD" missed="0" covered="1"/></method><method name="agregarListaPorDefecto" desc="(Ljava/lang/String;)V" line="48"><counter type="INSTRUCTION" missed="0" covered="14"/><counter type="BRANCH" missed="0" covered="2"/><counter type="LINE" missed="0" covered="4"/><counter type="COMPLEXITY" missed="0" covered="2"/><counter type="METHOD" missed="0" covered="1"/></method><method name="listarNombresDeListasPorDefecto" desc="()Ljava/util/ArrayList;" line="55"><counter type="INSTRUCTION" missed="0" covered="7"/><counter type="LINE" missed="0" covered="2"/><counter type="COMPLEXITY" missed="0" covered="1"/><counter type="METHOD" missed="0" covered="1"/></method><method name="getId" desc="()I" line="60"><counter type="INSTRUCTION" missed="0" covered="3"/><counter type="LINE" missed="0" covered="1"/><counter type="COMPLEXITY" missed="0" covered="1"/><counter type="METHOD" missed="0" covered="1"/></method><method name="getNombre" desc="()Ljava/lang/String;" line="64"><counter type="INSTRUCTION" missed="0" covered="3"/><counter type="LINE" missed="0" covered="1"/><counter type="COMPLEXITY" missed="0" covered="1"/><counter type="METHOD" missed="0" covered="1"/></method><method name="getPrivacidad" desc="()LLogica/Enumerados/Privacidad;" line="68"><counter type="INSTRUCTION" missed="0" covered="3"/><counter type="LINE" missed="0" covered="1"/><counter type="COMPLEXITY" missed="0" covered="1"/><counter type="METHOD" missed="0" covered="1"/></method><method name="setPrivacidad" desc="(LLogica/Enumerados/Privacidad;)V" line="72"><counter type="INSTRUCTION" missed="0" covered="4"/><counter type="LINE" missed="0" covered="2"/><counter type="COMPLEXITY" missed="0" covered="1"/><counter type="METHOD" missed="0" covered="1"/></method><method name="getTipo" desc="()LLogica/Enumerados/TipoListaDeReproduccion;" line="76"><counter type="INSTRUCTION" missed="0" covered="3"/><counter type="LINE" missed="0" covered="1"/><counter type="COMPLEXITY" missed="0" covered="1"/><counter type="METHOD" missed="0" covered="1"/></method><method name="getCategoria" desc="()Ljava/lang/String;" line="80"><counter type="INSTRUCTION" missed="0" covered="3"/><counter type="LINE" missed="0" covered="1"/><counter type="COMPLEXITY" missed="0" covered="1"/><counter type="METHOD" missed="0" covered="1"/></method><method name="toString" desc="()Ljava/lang/String;" line="85"><counter type="INSTRUCTION" missed="0" covered="38"/><counter type="LINE" missed="0" covered="1"/><counter type="COMPLEXITY" missed="0" covered="1"/><counter type="METHOD" missed="0" covered="1"/></method><method name="agregarVideoA" desc="(LLogica/Clases/Video;)V" line="91"><counter type="INSTRUCTION" missed="0" covered="16"/><counter type="BRANCH" missed="0" covered="2"/><counter type="LINE" missed="0" covered="4"/><counter type="COMPLEXITY" missed="0" covered="2"/><counter type="METHOD" missed="0" covered="1"/></method><method name="getDt" desc="()LLogica/DataType/DtListaDeReproduccion;" line="100"><counter type="INSTRUCTION" missed="0" covered="14"/><counter type="LINE" missed="0" covered="1"/><counter type="COMPLEXITY" missed="0" covered="1"/><counter type="METHOD" missed="0" covered="1"/></method><method name="listarVideos" desc="()Ljava/util/ArrayList;" line="105"><counter type="INSTRUCTION" missed="0" covered="26"/><counter type="BRANCH" missed="0" covered="2"/><counter type="LINE" missed="0" covered="5"/><counter type="COMPLEXITY" missed="0" covered="2"/><counter type="METHOD" missed="0" covered="1"/></method><method name="modificar" desc="(LLogica/DataType/DtListaDeReproduccion;)V" line="123"><counter type="INSTRUCTION" missed="0" covered="39"/><counter type="BRANCH" missed="0" covered="6"/><counter type="LINE" missed="0" covered="10"/><counter type="COMPLEXITY" missed="0" covered="4"/><counter type="METHOD" missed="0" covered="1"/></method><method name="quitarVideo" desc="(I)V" line="141"><counter type="INSTRUCTION" missed="0" covered="7"/><counter type="LINE" missed="0" covered="2"/><counter type="COMPLEXITY" missed="0" covered="1"/><counter type="METHOD" missed="0" covered="1"/></method><method name="&lt;clinit&gt;" desc="()V" line="13"><counter type="INSTRUCTION" missed="0" covered="14"/><counter type="LINE" missed="0" covered="2"/><counter type="COMPLEXITY" missed="0" covered="1"/><counter type="METHOD" missed="0" covered="1"/></method><counter type="INSTRUCTION" missed="0" covered="264"/><counter type="BRANCH" missed="0" covered="24"/><counter type="LINE" missed="0" covered="55"/><counter type="COMPLEXITY" missed="0" covered="29"/><counter type="METHOD" missed="0" covered="17"/><counter type="CLASS" missed="0" covered="1"/></class><class name="Logica/Clases/Usuario"><method name="&lt;init&gt;" desc="(Ljava/lang/String;Ljava/lang/String;Ljava/sql/Date;Ljava/lang/String;Ljava/lang/String;Ljava/lang/String;Ljava/lang/String;LLogica/DataType/DtCanal;)V" line="21"><counter type="INSTRUCTION" missed="73" covered="0"/><counter type="BRANCH" missed="8" covered="0"/><counter type="LINE" missed="18" covered="0"/><counter type="COMPLEXITY" missed="5" covered="0"/><counter type="METHOD" missed="1" covered="0"/></method><method name="getNickname" desc="()Ljava/lang/String;" line="48"><counter type="INSTRUCTION" missed="3" covered="0"/><counter type="LINE" missed="1" covered="0"/><counter type="COMPLEXITY" missed="1" covered="0"/><counter type="METHOD" missed="1" covered="0"/></method><method name="getCorreo" desc="()Ljava/lang/String;" line="52"><counter type="INSTRUCTION" missed="3" covered="0"/><counter type="LINE" missed="1" covered="0"/><counter type="COMPLEXITY" missed="1" covered="0"/><counter type="METHOD" missed="1" covered="0"/></method><method name="getFechaNacimiento" desc="()Ljava/sql/Date;" line="56"><counter type="INSTRUCTION" missed="3" covered="0"/><counter type="LINE" missed="1" covered="0"/><counter type="COMPLEXITY" missed="1" covered="0"/><counter type="METHOD" missed="1" covered="0"/></method><method name="getImagen" desc="()Ljava/lang/String;" line="60"><counter type="INSTRUCTION" missed="3" covered="0"/><counter type="LINE" missed="1" covered="0"/><counter type="COMPLEXITY" missed="1" covered="0"/><counter type="METHOD" missed="1" covered="0"/></method><method name="getSeguidores" desc="()I" line="64"><counter type="INSTRUCTION" missed="3" covered="0"/><counter type="LINE" missed="1" covered="0"/><counter type="COMPLEXITY" missed="1" covered="0"/><counter type="METHOD" missed="1" covered="0"/></method><method name="getDT" desc="()LLogica/DataType/DtUsuario;" line="68"><counter type="INSTRUCTION" missed="20" covered="0"/><counter type="LINE" missed="1" covered="0"/><counter type="COMPLEXITY" missed="1" covered="0"/><counter type="METHOD" missed="1" covered="0"/></method><method name="actualizarListasPorDefecto" desc="()V" line="72"><counter type="INSTRUCTION" missed="4" covered="0"/><counter type="LINE" missed="2" covered="0"/><counter type="COMPLEXITY" missed="1" covered="0"/><counter type="METHOD" missed="1" covered="0"/></method><method name="agregarComentarioAVideo" desc="(ILLogica/DataType/DtComentario;LLogica/Clases/Usuario;)V" line="76"><counter type="INSTRUCTION" missed="21" covered="0"/><counter type="BRANCH" missed="4" covered="0"/><counter type="LINE" missed="6" covered="0"/><counter type="COMPLEXITY" missed="3" covered="0"/><counter type="METHOD" missed="1" covered="0"/></method><method name="agregarComentarioAVideo" desc="(IILLogica/DataType/DtComentario;LLogica/Clases/Usuario;)V" line="87"><counter type="INSTRUCTION" missed="22" covered="0"/><counter type="BRANCH" missed="4" covered="0"/><counter type="LINE" missed="6" covered="0"/><counter type="COMPLEXITY" missed="3" covered="0"/><counter type="METHOD" missed="1" covered="0"/></method><method name="agregarListaParticular" desc="(LLogica/DataType/DtListaDeReproduccion;)V" line="98"><counter type="INSTRUCTION" missed="12" covered="0"/><counter type="BRANCH" missed="2" covered="0"/><counter type="LINE" missed="4" covered="0"/><counter type="COMPLEXITY" missed="2" covered="0"/><counter type="METHOD" missed="1" covered="0"/></method><method name="agregarModificarValoracionDeVideo" desc="(ILLogica/DataType/DtValoracion;LLogica/Clases/Usuario;)V" line="106"><counter type="INSTRUCTION" missed="21" covered="0"/><counter type="BRANCH" missed="4" covered="0"/><counter type="LINE" missed="6" covered="0"/><counter type="COMPLEXITY" missed="3" covered="0"/><counter type="METHOD" missed="1" covered="0"/></method><method name="agregarOQuitarSeguido" desc="(LLogica/Clases/Usuario;)V" line="117"><counter type="INSTRUCTION" missed="39" covered="0"/><counter type="BRANCH" missed="6" covered="0"/><counter type="LINE" missed="9" covered="0"/><counter type="COMPLEXITY" missed="4" covered="0"/><counter type="METHOD" missed="1" covered="0"/></method><method name="agregarOQuitarSeguidor" desc="(LLogica/Clases/Usuario;)V" line="135"><counter type="INSTRUCTION" missed="40" covered="0"/><counter type="BRANCH" missed="4" covered="0"/><counter type="LINE" missed="8" covered="0"/><counter type="COMPLEXITY" missed="3" covered="0"/><counter type="METHOD" missed="1" covered="0"/></method><method name="agregarVideoACanal" desc="(LLogica/DataType/DtVideo;)V" line="149"><counter type="INSTRUCTION" missed="12" covered="0"/><counter type="BRANCH" missed="2" covered="0"/><counter type="LINE" missed="4" covered="0"/><counter type="COMPLEXITY" missed="2" covered="0"/><counter type="METHOD" missed="1" covered="0"/></method><method name="agregarVideoALista" desc="(IILLogica/Clases/Usuario;)V" line="157"><counter type="INSTRUCTION" missed="32" covered="0"/><counter type="BRANCH" missed="4" covered="0"/><counter type="LINE" missed="7" covered="0"/><counter type="COMPLEXITY" missed="3" covered="0"/><counter type="METHOD" missed="1" covered="0"/></method><method name="listarComentariosDeVideo" desc="(I)Ljava/util/ArrayList;" line="169"><counter type="INSTRUCTION" missed="5" covered="0"/><counter type="LINE" missed="1" covered="0"/><counter type="COMPLEXITY" missed="1" covered="0"/><counter type="METHOD" missed="1" covered="0"/></method><method name="listarListasDeReproduccionDeCanal" desc="(Z)Ljava/util/ArrayList;" line="173"><counter type="INSTRUCTION" missed="5" covered="0"/><counter type="LINE" missed="1" covered="0"/><counter type="COMPLEXITY" missed="1" covered="0"/><counter type="METHOD" missed="1" covered="0"/></method><method name="listarUsuariosSeguidos" desc="()Ljava/util/ArrayList;" line="178"><counter type="INSTRUCTION" missed="26" covered="0"/><counter type="BRANCH" missed="2" covered="0"/><counter type="LINE" missed="5" covered="0"/><counter type="COMPLEXITY" missed="2" covered="0"/><counter type="METHOD" missed="1" covered="0"/></method><method name="listarUsuariosSeguidores" desc="()Ljava/util/ArrayList;" line="189"><counter type="INSTRUCTION" missed="26" covered="0"/><counter type="BRANCH" missed="2" covered="0"/><counter type="LINE" missed="5" covered="0"/><counter type="COMPLEXITY" missed="2" covered="0"/><counter type="METHOD" missed="1" covered="0"/></method><method name="listarValoracionesDeVideo" desc="(I)Ljava/util/ArrayList;" line="199"><counter type="INSTRUCTION" missed="5" covered="0"/><counter type="LINE" missed="1" covered="0"/><counter type="COMPLEXITY" missed="1" covered="0"/><counter type="METHOD" missed="1" covered="0"/></method><method name="listarVideosDeCanal" desc="()Ljava/util/ArrayList;" line="203"><counter type="INSTRUCTION" missed="4" covered="0"/><counter type="LINE" missed="1" covered="0"/><counter type="COMPLEXITY" missed="1" covered="0"/><counter type="METHOD" missed="1" covered="0"/></method><method name="listarVideosDeListaDeReproduccion" desc="(I)Ljava/util/ArrayList;" line="207"><counter type="INSTRUCTION" missed="5" covered="0"/><counter type="LINE" missed="1" covered="0"/><counter type="COMPLEXITY" missed="1" covered="0"/><counter type="METHOD" missed="1" covered="0"/></method><method name="modificar" desc="(LLogica/DataType/DtUsuario;LLogica/DataType/DtCanal;)V" line="211"><counter type="INSTRUCTION" missed="47" covered="0"/><counter type="BRANCH" missed="6" covered="0"/><counter type="LINE" missed="13" covered="0"/><counter type="COMPLEXITY" missed="4" covered="0"/><counter type="METHOD" missed="1" covered="0"/></method><method name="modificarListaDeReproduccionDeCanal" desc="(LLogica/DataType/DtListaDeReproduccion;)V" line="231"><counter type="INSTRUCTION" missed="12" covered="0"/><counter type="BRANCH" missed="2" covered="0"/><counter type="LINE" missed="4" covered="0"/><counter type="COMPLEXITY" missed="2" covered="0"/><counter type="METHOD" missed="1" covered="0"/></method><method name="modificarVideoDeCanal" desc="(LLogica/DataType/DtVideo;)V" line="239"><counter type="INSTRUCTION" missed="12" covered="0"/><counter type="BRANCH" missed="2" covered="0"/><counter type="LINE" missed="4" covered="0"/><counter type="COMPLEXITY" missed="2" covered="0"/><counter type="METHOD" missed="1" covered="0"/></method><method name="obtenerCanal" desc="()LLogica/DataType/DtCanal;" line="246"><counter type="INSTRUCTION" missed="4" covered="0"/><counter type="LINE" missed="1" covered="0"/><counter type="COMPLEXITY" missed="1" covered="0"/><counter type="METHOD" missed="1" covered="0"/></method><method name="obtenerListaDeReproduccion" desc="(I)LLogica/DataType/DtListaDeReproduccion;" line="251"><counter type="INSTRUCTION" missed="5" covered="0"/><counter type="LINE" missed="1" covered="0"/><counter type="COMPLEXITY" missed="1" covered="0"/><counter type="METHOD" missed="1" covered="0"/></method><method name="obtenerListasEnCategoria" desc="(Ljava/lang/String;)Ljava/util/ArrayList;" line="256"><counter type="INSTRUCTION" missed="13" covered="0"/><counter type="BRANCH" missed="2" covered="0"/><counter type="LINE" missed="3" covered="0"/><counter type="COMPLEXITY" missed="2" covered="0"/><counter type="METHOD" missed="1" covered="0"/></method><method name="obtenerValoracion" desc="(ILjava/lang/String;)LLogica/DataType/DtValoracion;" line="264"><counter type="INSTRUCTION" missed="14" covered="0"/><counter type="BRANCH" missed="2" covered="0"/><counter type="LINE" missed="3" covered="0"/><counter type="COMPLEXITY" missed="2" covered="0"/><counter type="METHOD" missed="1" covered="0"/></method><method name="obtenerVideo" desc="(I)LLogica/Clases/Video;" line="272"><counter type="INSTRUCTION" missed="5" covered="0"/><counter type="LINE" missed="1" covered="0"/><counter type="COMPLEXITY" missed="1" covered="0"/><counter type="METHOD" missed="1" covered="0"/></method><method name="obtenerVideoDeCanal" desc="(I)LLogica/DataType/DtVideo;" line="276"><counter type="INSTRUCTION" missed="5" covered="0"/><counter type="LINE" missed="1" covered="0"/><counter type="COMPLEXITY" missed="1" covered="0"/><counter type="METHOD" missed="1" covered="0"/></method><method name="obtenerVideosEnCategoria" desc="(Ljava/lang/String;)Ljava/util/ArrayList;" line="280"><counter type="INSTRUCTION" missed="13" covered="0"/><counter type="BRANCH" missed="2" covered="0"/><counter type="LINE" missed="3" covered="0"/><counter type="COMPLEXITY" missed="2" covered="0"/><counter type="METHOD" missed="1" covered="0"/></method><method name="quitarValoracion" desc="(ILjava/lang/String;)V" line="289"><counter type="INSTRUCTION" missed="14" covered="0"/><counter type="BRAN
[...]
="293" mi="12" ci="0" mb="2" cb="0"/><line nr="294" mi="5" ci="0" mb="0" cb="0"/><line nr="295" mi="1" ci="0" mb="0" cb="0"/><line nr="298" mi="4" ci="0" mb="0" cb="0"/><line nr="299" mi="4" ci="0" mb="0" cb="0"/><line nr="300" mi="4" ci="0" mb="0" cb="0"/><line nr="301" mi="1" ci="0" mb="0" cb="0"/><line nr="304" mi="2" ci="0" mb="2" cb="0"/><line nr="305" mi="5" ci="0" mb="0" cb="0"/><line nr="307" mi="7" ci="0" mb="2" cb="0"/><line nr="309" mi="8" ci="0" mb="4" cb="0"/><line nr="310" mi="5" ci="0" mb="0" cb="0"/><line nr="313" mi="10" ci="0" mb="0" cb="0"/><line nr="315" mi="5" ci="0" mb="0" cb="0"/><line nr="317" mi="1" ci="0" mb="0" cb="0"/><line nr="320" mi="2" ci="0" mb="2" cb="0"/><line nr="321" mi="5" ci="0" mb="0" cb="0"/><line nr="324" mi="7" ci="0" mb="2" cb="0"/><line nr="326" mi="8" ci="0" mb="4" cb="0"/><line nr="327" mi="5" ci="0" mb="0" cb="0"/><line nr="330" mi="10" ci="0" mb="0" cb="0"/><line nr="332" mi="5" ci="0" mb="0" cb="0"/><line nr="334" mi="1" ci="0" mb="0" cb="0"/><line nr="337" mi="7" ci="0" mb="0" cb="0"/><line nr="338" mi="2" ci="0" mb="2" cb="0"/><line nr="339" mi="5" ci="0" mb="0" cb="0"/><line nr="341" mi="3" ci="0" mb="0" cb="0"/><line nr="346" mi="4" ci="0" mb="0" cb="0"/><line nr="355" mi="12" ci="0" mb="2" cb="0"/><line nr="357" mi="7" ci="0" mb="2" cb="0"/><line nr="358" mi="7" ci="0" mb="0" cb="0"/><line nr="360" mi="1" ci="0" mb="0" cb="0"/><line nr="362" mi="2" ci="0" mb="0" cb="0"/><line nr="366" mi="6" ci="0" mb="2" cb="0"/><line nr="367" mi="8" ci="0" mb="0" cb="0"/><line nr="369" mi="5" ci="0" mb="0" cb="0"/><line nr="374" mi="6" ci="0" mb="2" cb="0"/><line nr="375" mi="7" ci="0" mb="0" cb="0"/><line nr="377" mi="5" ci="0" mb="0" cb="0"/><line nr="382" mi="4" ci="0" mb="0" cb="0"/><line nr="391" mi="12" ci="0" mb="2" cb="0"/><line nr="393" mi="7" ci="0" mb="2" cb="0"/><line nr="394" mi="7" ci="0" mb="0" cb="0"/><line nr="396" mi="1" ci="0" mb="0" cb="0"/><line nr="398" mi="2" ci="0" mb="0" cb="0"/><line nr="402" mi="6" ci="0" mb="2" cb="0"/><line nr="403" mi="9" ci="0" mb="0" cb="0"/><line nr="405" mi="5" ci="0" mb="0" cb="0"/><line nr="407" mi="1" ci="0" mb="0" cb="0"/><line nr="410" mi="12" ci="0" mb="2" cb="0"/><line nr="411" mi="13" ci="0" mb="4" cb="0"/><line nr="412" mi="2" ci="0" mb="0" cb="0"/><line nr="414" mi="1" ci="0" mb="0" cb="0"/><line nr="415" mi="2" ci="0" mb="0" cb="0"/><line nr="419" mi="6" ci="0" mb="2" cb="0"/><line nr="420" mi="9" ci="0" mb="0" cb="0"/><line nr="422" mi="5" ci="0" mb="0" cb="0"/><counter type="INSTRUCTION" missed="971" covered="0"/><counter type="BRANCH" missed="122" covered="0"/><counter type="LINE" missed="198" covered="0"/><counter type="COMPLEXITY" missed="97" covered="0"/><counter type="METHOD" missed="36" covered="0"/><counter type="CLASS" missed="1" covered="0"/></sourcefile><sourcefile name="Comentario.java"><line nr="9" mi="3" ci="0" mb="0" cb="0"/><line nr="18" mi="2" ci="0" mb="0" cb="0"/><line nr="19" mi="3" ci="0" mb="0" cb="0"/><line nr="20" mi="5" ci="0" mb="0" cb="0"/><line nr="21" mi="1" ci="0" mb="0" cb="0"/><line nr="23" mi="2" ci="0" mb="0" cb="0"/><line nr="24" mi="2" ci="0" mb="2" cb="0"/><line nr="25" mi="5" ci="0" mb="0" cb="0"/><line nr="27" mi="2" ci="0" mb="2" cb="0"/><line nr="28" mi="5" ci="0" mb="0" cb="0"/><line nr="30" mi="3" ci="0" mb="0" cb="0"/><line nr="31" mi="3" ci="0" mb="0" cb="0"/><line nr="32" mi="3" ci="0" mb="0" cb="0"/><line nr="33" mi="3" ci="0" mb="0" cb="0"/><line nr="34" mi="3" ci="0" mb="0" cb="0"/><line nr="35" mi="5" ci="0" mb="0" cb="0"/><line nr="36" mi="1" ci="0" mb="0" cb="0"/><line nr="39" mi="6" ci="0" mb="0" cb="0"/><line nr="43" mi="3" ci="0" mb="0" cb="0"/><line nr="47" mi="3" ci="0" mb="0" cb="0"/><line nr="48" mi="1" ci="0" mb="0" cb="0"/><line nr="51" mi="3" ci="0" mb="0" cb="0"/><line nr="55" mi="2" ci="0" mb="2" cb="0"/><line nr="56" mi="5" ci="0" mb="0" cb="0"/><line nr="58" mi="3" ci="0" mb="0" cb="0"/><line nr="59" mi="1" ci="0" mb="0" cb="0"/><line nr="62" mi="3" ci="0" mb="0" cb="0"/><line nr="66" mi="3" ci="0" mb="0" cb="0"/><line nr="67" mi="1" ci="0" mb="0" cb="0"/><line nr="70" mi="3" ci="0" mb="0" cb="0"/><line nr="74" mi="3" ci="0" mb="0" cb="0"/><line nr="75" mi="1" ci="0" mb="0" cb="0"/><line nr="78" mi="3" ci="0" mb="0" cb="0"/><line nr="83" mi="27" ci="0" mb="0" cb="0"/><line nr="87" mi="2" ci="0" mb="2" cb="0"/><line nr="88" mi="5" ci="0" mb="0" cb="0"/><line nr="90" mi="2" ci="0" mb="2" cb="0"/><line nr="91" mi="5" ci="0" mb="0" cb="0"/><line nr="93" mi="4" ci="0" mb="2" cb="0"/><line nr="94" mi="4" ci="0" mb="0" cb="0"/><line nr="95" mi="2" ci="0" mb="0" cb="0"/><line nr="96" mi="8" ci="0" mb="0" cb="0"/><line nr="99" mi="5" ci="0" mb="0" cb="0"/><line nr="100" mi="2" ci="0" mb="0" cb="0"/><line nr="103" mi="9" ci="0" mb="2" cb="0"/><line nr="104" mi="10" ci="0" mb="2" cb="0"/><line nr="105" mi="2" ci="0" mb="0" cb="0"/><line nr="108" mi="2" ci="0" mb="0" cb="0"/><line nr="113" mi="15" ci="0" mb="0" cb="0"/><line nr="114" mi="2" ci="0" mb="0" cb="0"/><line nr="118" mi="4" ci="0" mb="0" cb="0"/><line nr="120" mi="9" ci="0" mb="2" cb="0"/><line nr="121" mi="9" ci="0" mb="0" cb="0"/><line nr="122" mi="9" ci="0" mb="0" cb="0"/><line nr="124" mi="2" ci="0" mb="0" cb="0"/><counter type="INSTRUCTION" missed="234" covered="0"/><counter type="BRANCH" missed="18" covered="0"/><counter type="LINE" missed="55" covered="0"/><counter type="COMPLEXITY" missed="26" covered="0"/><counter type="METHOD" missed="17" covered="0"/><counter type="CLASS" missed="1" covered="0"/></sourcefile><sourcefile name="Administrador.java"><line nr="5" mi="3" ci="0" mb="0" cb="0"/><line nr="8" mi="5" ci="0" mb="0" cb="0"/><line nr="9" mi="3" ci="0" mb="0" cb="0"/><line nr="10" mi="1" ci="0" mb="0" cb="0"/><line nr="13" mi="6" ci="0" mb="0" cb="0"/><line nr="17" mi="3" ci="0" mb="0" cb="0"/><counter type="INSTRUCTION" missed="21" covered="0"/><counter type="LINE" missed="6" covered="0"/><counter type="COMPLEXITY" missed="4" covered="0"/><counter type="METHOD" missed="4" covered="0"/><counter type="CLASS" missed="1" covered="0"/></sourcefile><sourcefile name="Usuario.java"><line nr="21" mi="5" ci="0" mb="0" cb="0"/><line nr="23" mi="2" ci="0" mb="2" cb="0"/><line nr="24" mi="5" ci="0" mb="0" cb="0"/><line nr="26" mi="2" ci="0" mb="2" cb="0"/><line nr="27" mi="5" ci="0" mb="0" cb="0"/><line nr="29" mi="3" ci="0" mb="2" cb="0"/><line nr="30" mi="5" ci="0" mb="0" cb="0"/><line nr="33" mi="3" ci="0" mb="2" cb="0"/><line nr="34" mi="5" ci="0" mb="0" cb="0"/><line nr="37" mi="3" ci="0" mb="0" cb="0"/><line nr="38" mi="3" ci="0" mb="0" cb="0"/><line nr="39" mi="3" ci="0" mb="0" cb="0"/><line nr="40" mi="3" ci="0" mb="0" cb="0"/><line nr="41" mi="3" ci="0" mb="0" cb="0"/><line nr="42" mi="12" ci="0" mb="0" cb="0"/><line nr="43" mi="5" ci="0" mb="0" cb="0"/><line nr="44" mi="5" ci="0" mb="0" cb="0"/><line nr="45" mi="1" ci="0" mb="0" cb="0"/><line nr="48" mi="3" ci="0" mb="0" cb="0"/><line nr="52" mi="3" ci="0" mb="0" cb="0"/><line nr="56" mi="3" ci="0" mb="0" cb="0"/><line nr="60" mi="3" ci="0" mb="0" cb="0"/><line nr="64" mi="3" ci="0" mb="0" cb="0"/><line nr="68" mi="20" ci="0" mb="0" cb="0"/><line nr="72" mi="3" ci="0" mb="0" cb="0"/><line nr="73" mi="1" ci="0" mb="0" cb="0"/><line nr="76" mi="2" ci="0" mb="2" cb="0"/><line nr="77" mi="5" ci="0" mb="0" cb="0"/><line nr="79" mi="2" ci="0" mb="2" cb="0"/><line nr="80" mi="5" ci="0" mb="0" cb="0"/><line nr="83" mi="6" ci="0" mb="0" cb="0"/><line nr="84" mi="1" ci="0" mb="0" cb="0"/><line nr="87" mi="2" ci="0" mb="2" cb="0"/><line nr="88" mi="5" ci="0" mb="0" cb="0"/><line nr="90" mi="2" ci="0" mb="2" cb="0"/><line nr="91" mi="5" ci="0" mb="0" cb="0"/><line nr="94" mi="7" ci="0" mb="0" cb="0"/><line nr="95" mi="1" ci="0" mb="0" cb="0"/><line nr="98" mi="2" ci="0" mb="2" cb="0"/><line nr="99" mi="5" ci="0" mb="0" cb="0"/><line nr="102" mi="4" ci="0" mb="0" cb="0"/><line nr="103" mi="1" ci="0" mb="0" cb="0"/><line nr="106" mi="2" ci="0" mb="2" cb="0"/><line nr="107" mi="5" ci="0" mb="0" cb="0"/><line nr="109" mi="2" ci="0" mb="2" cb="0"/><line nr="110" mi="5" ci="0" mb="0" cb="0"/><line nr="113" mi="6" ci="0" mb="0" cb="0"/><line nr="114" mi="1" ci="0" mb="0" cb="0"/><line nr="117" mi="2" ci="0" mb="2" cb="0"/><line nr="118" mi="5" ci="0" mb="0" cb="0"/><line nr="120" mi="3" ci="0" mb="2" cb="0"/><line nr="121" mi="5" ci="0" mb="0" cb="0"/><line nr="124" mi="6" ci="0" mb="2" cb="0"/><line nr="125" mi="7" ci="0" mb="0" cb="0"/><line nr="127" mi="7" ci="0" mb="0" cb="0"/><line nr="130" mi="3" ci="0" mb="0" cb="0"/><line nr="131" mi="1" ci="0" mb="0" cb="0"/><line nr="135" mi="2" ci="0" mb="2" cb="0"/><line nr="136" mi="5" ci="0" mb="0" cb="0"/><line nr="139" mi="6" ci="0" mb="2" cb="0"/><line nr="140" mi="6" ci="0" mb="0" cb="0"/><line nr="141" mi="7" ci="0" mb="0" cb="0"/><line nr="143" mi="7" ci="0" mb="0" cb="0"/><line nr="144" mi="6" ci="0" mb="0" cb="0"/><line nr="146" mi="1" ci="0" mb="0" cb="0"/><line nr="149" mi="2" ci="0" mb="2" cb="0"/><line nr="150" mi="5" ci="0" mb="0" cb="0"/><line nr="153" mi="4" ci="0" mb="0" cb="0"/><line nr="154" mi="1" ci="0" mb="0" cb="0"/><line nr="157" mi="2" ci="0" mb="2" cb="0"/><line nr="158" mi="5" ci="0" mb="0" cb="0"/><line nr="161" mi="4" ci="0" mb="0" cb="0"/><line nr="162" mi="2" ci="0" mb="2" cb="0"/><line nr="163" mi="13" ci="0" mb="0" cb="0"/><line nr="165" mi="5" ci="0" mb="0" cb="0"/><line nr="166" mi="1" ci="0" mb="0" cb="0"/><line nr="169" mi="5" ci="0" mb="0" cb="0"/><line nr="173" mi="5" ci="0" mb="0" cb="0"/><line nr="178" mi="4" ci="0" mb="0" cb="0"/><line nr="180" mi="12" ci="0" mb="2" cb="0"/><line nr="182" mi="7" ci="0" mb="0" cb="0"/><line nr="183" mi="1" ci="0" mb="0" cb="0"/><line nr="184" mi="2" ci="0" mb="0" cb="0"/><line nr="189" mi="4" ci="0" mb="0" cb="0"/><line nr="191" mi="12" ci="0" mb="2" cb="0"/><line nr="193" mi="7" ci="0" mb="0" cb="0"/><line nr="194" mi="1" ci="0" mb="0" cb="0"/><line nr="195" mi="2" ci="0" mb="0" cb="0"/><line nr="199" mi="5" ci="0" mb="0" cb="0"/><line nr="203" mi="4" ci="0" mb="0" cb="0"/><line nr="207" mi="5" ci="0" mb="0" cb="0"/><line nr="211" mi="2" ci="0" mb="2" cb="0"/><line nr="212" mi="5" ci="0" mb="0" cb="0"/><line nr="214" mi="3" ci="0" mb="2" cb="0"/><line nr="215" mi="5" ci="0" mb="0" cb="0"/><line nr="217" mi="2" ci="0" mb="2" cb="0"/><line nr="218" mi="5" ci="0" mb="0" cb="0"/><line nr="221" mi="4" ci="0" mb="0" cb="0"/><line nr="222" mi="4" ci="0" mb="0" cb="0"/><line nr="223" mi="4" ci="0" mb="0" cb="0"/><line nr="224" mi="4" ci="0" mb="0" cb="0"/><line nr="225" mi="4" ci="0" mb="0" cb="0"/><line nr="227" mi="4" ci="0" mb="0" cb="0"/><line nr="228" mi="1" ci="0" mb="0" cb="0"/><line nr="231" mi="2" ci="0" mb="2" cb="0"/><line nr="232" mi="5" ci="0" mb="0" cb="0"/><line nr="235" mi="4" ci="0" mb="0" cb="0"/><line nr="236" mi="1" ci="0" mb="0" cb="0"/><line nr="239" mi="2" ci="0" mb="2" cb="0"/><line nr="240" mi="5" ci="0" mb="0" cb="0"/><line nr="242" mi="4" ci="0" mb="0" cb="0"/><line nr="243" mi="1" ci="0" mb="0" cb="0"/><line nr="246" mi="4" ci="0" mb="0" cb="0"/><line nr="251" mi="5" ci="0" mb="0" cb="0"/><line nr="256" mi="3" ci="0" mb="2" cb="0"/><line nr="257" mi="5" ci="0" mb="0" cb="0"/><line nr="260" mi="5" ci="0" mb="0" cb="0"/><line nr="264" mi="3" ci="0" mb="2" cb="0"/><line nr="265" mi="5" ci="0" mb="0" cb="0"/><line nr="268" mi="6" ci="0" mb="0" cb="0"/><line nr="272" mi="5" ci="0" mb="0" cb="0"/><line nr="276" mi="5" ci="0" mb="0" cb="0"/><line nr="280" mi="3" ci="0" mb="2" cb="0"/><line nr="281" mi="5" ci="0" mb="0" cb="0"/><line nr="284" mi="5" ci="0" mb="0" cb="0"/><line nr="289" mi="3" ci="0" mb="2" cb="0"/><line nr="290" mi="5" ci="0" mb="0" cb="0"/><line nr="292" mi="5" ci="0" mb="0" cb="0"/><line nr="293" mi="1" ci="0" mb="0" cb="0"/><line nr="296" mi="5" ci="0" mb="0" cb="0"/><line nr="297" mi="1" ci="0" mb="0" cb="0"/><line nr="300" mi="3" ci="0" mb="2" cb="0"/><line nr="301" mi="5" ci="0" mb="0" cb="0"/><line nr="303" mi="5" ci="0" mb="0" cb="0"/><counter type="INSTRUCTION" missed="550" covered="0"/><counter type="BRANCH" missed="62" covered="0"/><counter type="LINE" missed="134" covered="0"/><counter type="COMPLEXITY" missed="67" covered="0"/><counter type="METHOD" missed="36" covered="0"/><counter type="CLASS" missed="1" covered="0"/></sourcefile><counter type="INSTRUCTION" missed="2466" covered="352"/><counter type="BRANCH" missed="276" covered="30"/><counter type="LINE" missed="555" covered="78"/><counter type="COMPLEXITY" missed="282" covered="33"/><counter type="METHOD" missed="141" covered="21"/><counter type="CLASS" missed="7" covered="2"/></package><package name="Logica/Enumerados"><class name="Logica/Enumerados/Privacidad"><method name="values" desc="()[LLogica/Enumerados/Privacidad;" line="3"><counter type="INSTRUCTION" missed="4" covered="0"/><counter type="LINE" missed="1" covered="0"/><counter type="COMPLEXITY" missed="1" covered="0"/><counter type="METHOD" missed="1" covered="0"/></method><method name="valueOf" desc="(Ljava/lang/String;)LLogica/Enumerados/Privacidad;" line="3"><counter type="INSTRUCTION" missed="5" covered="0"/><counter type="LINE" missed="1" covered="0"/><counter type="COMPLEXITY" missed="1" covered="0"/><counter type="METHOD" missed="1" covered="0"/></method><method name="&lt;init&gt;" desc="(Ljava/lang/String;I)V" line="3"><counter type="INSTRUCTION" missed="0" covered="5"/><counter type="LINE" missed="0" covered="1"/><counter type="COMPLEXITY" missed="0" covered="1"/><counter type="METHOD" missed="0" covered="1"/></method><method name="&lt;clinit&gt;" desc="()V" line="3"><counter type="INSTRUCTION" missed="0" covered="24"/><counter type="LINE" missed="0" covered="2"/><counter type="COMPLEXITY" missed="0" covered="1"/><counter type="METHOD" missed="0" covered="1"/></method><counter type="INSTRUCTION" missed="9" covered="29"/><counter type="LINE" missed="0" covered="2"/><counter type="COMPLEXITY" missed="2" covered="2"/><counter type="METHOD" missed="2" covered="2"/><counter type="CLASS" missed="0" covered="1"/></class><class name="Logica/Enumerados/TipoValoracion"><method name="values" desc="()[LLogica/Enumerados/TipoValoracion;" line="3"><counter type="INSTRUCTION" missed="4" covered="0"/><counter type="LINE" missed="1" covered="0"/><counter type="COMPLEXITY" missed="1" covered="0"/><counter type="METHOD" missed="1" covered="0"/></method><method name="valueOf" desc="(Ljava/lang/String;)LLogica/Enumerados/TipoValoracion;" line="3"><counter type="INSTRUCTION" missed="5" covered="0"/><counter type="LINE" missed="1" covered="0"/><counter type="COMPLEXITY" missed="1" covered="0"/><counter type="METHOD" missed="1" covered="0"/></method><method name="&lt;init&gt;" desc="(Ljava/lang/String;I)V" line="3"><counter type="INSTRUCTION" missed="5" covered="0"/><counter type="LINE" missed="1" covered="0"/><counter type="COMPLEXITY" missed="1" covered="0"/><counter type="METHOD" missed="1" covered="0"/></method><method name="&lt;clinit&gt;" desc="()V" line="3"><counter type="INSTRUCTION" missed="24" covered="0"/><counter type="LINE" missed="2" covered="0"/><counter type="COMPLEXITY" missed="1" covered="0"/><counter type="METHOD" missed="1" covered="0"/></method><counter type="INSTRUCTION" missed="38" covered="0"/><counter type="LINE" missed="2" covered="0"/><counter type="COMPLEXITY" missed="4" covered="0"/><counter type="METHOD" missed="4" covered="0"/><counter type="CLASS" missed="1" covered="0"/></class><class name="Logica/Enumerados/TipoListaDeReproduccion"><method name="values" desc="()[LLogica/Enumerados/TipoListaDeReproduccion;" line="3"><counter type="INSTRUCTION" missed="4" covered="0"/><counter type="LINE" missed="1" covered="0"/><counter type="COMPLEXITY" missed="1" covered="0"/><counter type="METHOD" missed="1" covered="0"/></method><method name="valueOf" desc="(Ljava/lang/String;)LLogica/Enumerados/TipoListaDeReproduccion;" line="3"><counter type="INSTRUCTION" missed="5" covered="0"/><counter type="LINE" missed="1" covered="0"/><counter type="COMPLEXITY" missed="1" covered="0"/><counter type="METHOD" missed="1" covered="0"/></method><method name="&lt;init&gt;" desc="(Ljava/lang/String;I)V" line="3"><counter type="INSTRUCTION" missed="0" covered="5"/><counter type="LINE" missed="0" covered="1"/><counter type="COMPLEXITY" missed="0" covered="1"/><counter type="METHOD" missed="0" covered="1"/></method><method name="&lt;clinit&gt;" desc="()V" line="3"><counter type="INSTRUCTION" missed="0" covered="24"/><counter type="LINE" missed="0" covered="2"/><counter type="COMPLEXITY" missed="0" covered="1"/><counter type="METHOD" missed="0" covered="1"/></method><counter type="INSTRUCTION" missed="9" covered="29"/><counter type="LINE" missed="0" covered="2"/><counter type="COMPLEXITY" missed="2" covered="2"/><counter type="METHOD" missed="2" covered="2"/><counter type="CLASS" missed="0" covered="1"/></class><sourcefile name="Privacidad.java"><line nr="3" mi="9" ci="17" mb="0" cb="0"/><line nr="4" mi="0" ci="12" mb="0" cb="0"/><counter type="INSTRUCTION" missed="9" covered="29"/><counter type="LINE" missed="0" covered="2"/><counter type="COMPLEXITY" missed="2" covered="2"/><counter type="METHOD" missed="2" covered="2"/><counter type="CLASS" missed="0" covered="1"/></sourcefile><sourcefile name="TipoListaDeReproduccion.java"><line nr="3" mi="9" ci="17" mb="0" cb="0"/><line nr="4" mi="0" ci="12" mb="0" cb="0"/><counter type="INSTRUCTION" missed="9" covered="29"/><counter type="LINE" missed="0" covered="2"/><counter type="COMPLEXITY" missed="2" covered="2"/><counter type="METHOD" missed="2" covered="2"/><counter type="CLASS" missed="0" covered="1"/></sourcefile><sourcefile name="TipoValoracion.java"><line nr="3" mi="26" ci="0" mb="0" cb="0"/><line nr="4" mi="12" ci="0" mb="0" cb="0"/><counter type="INSTRUCTION" missed="38" covered="0"/><counter type="LINE" missed="2" covered="0"/><counter type="COMPLEXITY" missed="4" covered="0"/><counter type="METHOD" missed="4" covered="0"/><counter type="CLASS" missed="1" covered="0"/></sourcefile><counter type="INSTRUCTION" missed="56" covered="58"/><counter type="LINE" missed="2" covered="4"/><counter type="COMPLEXITY" missed="8" covered="4"/><counter type="METHOD" missed="8" covered="4"/><counter type="CLASS" missed="1" covered="2"/></package><package name="Logica"><class name="Logica/main"><method name="&lt;init&gt;" desc="()V" line="3"><counter type="INSTRUCTION" missed="3" covered="0"/><counter type="LINE" missed="1" covered="0"/><counter type="COMPLEXITY" missed="1" covered="0"/><counter type="METHOD" missed="1" covered="0"/></method><method name="main" desc="([Ljava/lang/String;)V" line="11"><counter type="INSTRUCTION" missed="1" covered="0"/><counter type="LINE" missed="1" covered="0"/><counter type="COMPLEXITY" missed="1" covered="0"/><counter type="METHOD" missed="1" covered="0"/></method><counter type="INSTRUCTION" missed="4" covered="0"/><counter type="LINE" missed="2" covered="0"/><counter type="COMPLEXITY" missed="2" covered="0"/><counter type="METHOD" missed="2" covered="0"/><counter type="CLASS" missed="1" covered="0"/></class><sourcefile name="main.java"><line nr="3" mi="3" ci="0" mb="0" cb="0"/><line nr="11" mi="1" ci="0" mb="0" cb="0"/><counter type="INSTRUCTION" missed="4" covered="0"/><counter type="LINE" missed="2" covered="0"/><counter type="COMPLEXITY" missed="2" covered="0"/><counter type="METHOD" missed="2" covered="0"/><counter type="CLASS" missed="1" covered="0"/></sourcefile><counter type="INSTRUCTION" missed="4" covered="0"/><counter type="LINE" missed="2" covered="0"/><counter type="COMPLEXITY" missed="2" covered="0"/><counter type="METHOD" missed="2" covered="0"/><counter type="CLASS" missed="1" covered="0"/></package><counter type="INSTRUCTION" missed="4011" covered="502"/><counter type="BRANCH" missed="442" covered="30"/><counter type="LINE" missed="910" covered="105"/><counter type="COMPLEXITY" missed="474" covered="43"/><counter type="METHOD" missed="250" covered="31"/><counter type="CLASS" missed="16" covered="6"/></report>